ARM GAS  C:\Users\dragos.nicolae\AppData\Local\Temp\ccbn9njm.s 			page 1


   1              		.cpu cortex-m4
   2              		.eabi_attribute 27, 1
   3              		.eabi_attribute 28, 1
   4              		.eabi_attribute 20, 1
   5              		.eabi_attribute 21, 1
   6              		.eabi_attribute 23, 3
   7              		.eabi_attribute 24, 1
   8              		.eabi_attribute 25, 1
   9              		.eabi_attribute 26, 1
  10              		.eabi_attribute 30, 1
  11              		.eabi_attribute 34, 1
  12              		.eabi_attribute 18, 4
  13              		.file	"stm32f4xx_hal_msp.c"
  14              		.text
  15              	.Ltext0:
  16              		.cfi_sections	.debug_frame
  17              		.section	.text.HAL_MspInit,"ax",%progbits
  18              		.align	1
  19              		.global	HAL_MspInit
  20              		.syntax unified
  21              		.thumb
  22              		.thumb_func
  23              		.fpu fpv4-sp-d16
  25              	HAL_MspInit:
  26              	.LFB126:
  27              		.file 1 "Src/stm32f4xx_hal_msp.c"
   1:Src/stm32f4xx_hal_msp.c **** /**
   2:Src/stm32f4xx_hal_msp.c ****   ******************************************************************************
   3:Src/stm32f4xx_hal_msp.c ****   * File Name          : stm32f4xx_hal_msp.c
   4:Src/stm32f4xx_hal_msp.c ****   * Description        : This file provides code for the MSP Initialization 
   5:Src/stm32f4xx_hal_msp.c ****   *                      and de-Initialization codes.
   6:Src/stm32f4xx_hal_msp.c ****   ******************************************************************************
   7:Src/stm32f4xx_hal_msp.c ****   ** This notice applies to any and all portions of this file
   8:Src/stm32f4xx_hal_msp.c ****   * that are not between comment pairs USER CODE BEGIN and
   9:Src/stm32f4xx_hal_msp.c ****   * USER CODE END. Other portions of this file, whether 
  10:Src/stm32f4xx_hal_msp.c ****   * inserted by the user or by software development tools
  11:Src/stm32f4xx_hal_msp.c ****   * are owned by their respective copyright owners.
  12:Src/stm32f4xx_hal_msp.c ****   *
  13:Src/stm32f4xx_hal_msp.c ****   * COPYRIGHT(c) 2019 STMicroelectronics
  14:Src/stm32f4xx_hal_msp.c ****   *
  15:Src/stm32f4xx_hal_msp.c ****   * Redistribution and use in source and binary forms, with or without modification,
  16:Src/stm32f4xx_hal_msp.c ****   * are permitted provided that the following conditions are met:
  17:Src/stm32f4xx_hal_msp.c ****   *   1. Redistributions of source code must retain the above copyright notice,
  18:Src/stm32f4xx_hal_msp.c ****   *      this list of conditions and the following disclaimer.
  19:Src/stm32f4xx_hal_msp.c ****   *   2. Redistributions in binary form must reproduce the above copyright notice,
  20:Src/stm32f4xx_hal_msp.c ****   *      this list of conditions and the following disclaimer in the documentation
  21:Src/stm32f4xx_hal_msp.c ****   *      and/or other materials provided with the distribution.
  22:Src/stm32f4xx_hal_msp.c ****   *   3. Neither the name of STMicroelectronics nor the names of its contributors
  23:Src/stm32f4xx_hal_msp.c ****   *      may be used to endorse or promote products derived from this software
  24:Src/stm32f4xx_hal_msp.c ****   *      without specific prior written permission.
  25:Src/stm32f4xx_hal_msp.c ****   *
  26:Src/stm32f4xx_hal_msp.c ****   * THIS SOFTWARE IS PROVIDED BY THE COPYRIGHT HOLDERS AND CONTRIBUTORS "AS IS"
  27:Src/stm32f4xx_hal_msp.c ****   * AND ANY EXPRESS OR IMPLIED WARRANTIES, INCLUDING, BUT NOT LIMITED TO, THE
  28:Src/stm32f4xx_hal_msp.c ****   * IMPLIED WARRANTIES OF MERCHANTABILITY AND FITNESS FOR A PARTICULAR PURPOSE ARE
  29:Src/stm32f4xx_hal_msp.c ****   * DISCLAIMED. IN NO EVENT SHALL THE COPYRIGHT HOLDER OR CONTRIBUTORS BE LIABLE
  30:Src/stm32f4xx_hal_msp.c ****   * FOR ANY DIRECT, INDIRECT, INCIDENTAL, SPECIAL, EXEMPLARY, OR CONSEQUENTIAL
  31:Src/stm32f4xx_hal_msp.c ****   * DAMAGES (INCLUDING, BUT NOT LIMITED TO, PROCUREMENT OF SUBSTITUTE GOODS OR
ARM GAS  C:\Users\dragos.nicolae\AppData\Local\Temp\ccbn9njm.s 			page 2


  32:Src/stm32f4xx_hal_msp.c ****   * SERVICES; LOSS OF USE, DATA, OR PROFITS; OR BUSINESS INTERRUPTION) HOWEVER
  33:Src/stm32f4xx_hal_msp.c ****   * CAUSED AND ON ANY THEORY OF LIABILITY, WHETHER IN CONTRACT, STRICT LIABILITY,
  34:Src/stm32f4xx_hal_msp.c ****   * OR TORT (INCLUDING NEGLIGENCE OR OTHERWISE) ARISING IN ANY WAY OUT OF THE USE
  35:Src/stm32f4xx_hal_msp.c ****   * OF THIS SOFTWARE, EVEN IF ADVISED OF THE POSSIBILITY OF SUCH DAMAGE.
  36:Src/stm32f4xx_hal_msp.c ****   *
  37:Src/stm32f4xx_hal_msp.c ****   ******************************************************************************
  38:Src/stm32f4xx_hal_msp.c ****   */
  39:Src/stm32f4xx_hal_msp.c **** /* Includes ------------------------------------------------------------------*/
  40:Src/stm32f4xx_hal_msp.c **** #include "stm32f4xx_hal.h"
  41:Src/stm32f4xx_hal_msp.c **** extern void _Error_Handler(char *, int);
  42:Src/stm32f4xx_hal_msp.c **** /* USER CODE BEGIN 0 */
  43:Src/stm32f4xx_hal_msp.c **** 
  44:Src/stm32f4xx_hal_msp.c **** /* USER CODE END 0 */
  45:Src/stm32f4xx_hal_msp.c **** /**
  46:Src/stm32f4xx_hal_msp.c ****   * Initializes the Global MSP.
  47:Src/stm32f4xx_hal_msp.c ****   */
  48:Src/stm32f4xx_hal_msp.c **** void HAL_MspInit(void)
  49:Src/stm32f4xx_hal_msp.c **** {
  28              		.loc 1 49 0
  29              		.cfi_startproc
  30              		@ args = 0, pretend = 0, frame = 8
  31              		@ frame_needed = 0, uses_anonymous_args = 0
  32 0000 10B5     		push	{r4, lr}
  33              	.LCFI0:
  34              		.cfi_def_cfa_offset 8
  35              		.cfi_offset 4, -8
  36              		.cfi_offset 14, -4
  37 0002 82B0     		sub	sp, sp, #8
  38              	.LCFI1:
  39              		.cfi_def_cfa_offset 16
  40              	.LBB2:
  50:Src/stm32f4xx_hal_msp.c ****   /* USER CODE BEGIN MspInit 0 */
  51:Src/stm32f4xx_hal_msp.c **** 
  52:Src/stm32f4xx_hal_msp.c ****   /* USER CODE END MspInit 0 */
  53:Src/stm32f4xx_hal_msp.c **** 
  54:Src/stm32f4xx_hal_msp.c ****   __HAL_RCC_SYSCFG_CLK_ENABLE();
  41              		.loc 1 54 0
  42 0004 0024     		movs	r4, #0
  43 0006 0094     		str	r4, [sp]
  44 0008 214B     		ldr	r3, .L3
  45 000a 5A6C     		ldr	r2, [r3, #68]
  46 000c 42F48042 		orr	r2, r2, #16384
  47 0010 5A64     		str	r2, [r3, #68]
  48 0012 5A6C     		ldr	r2, [r3, #68]
  49 0014 02F48042 		and	r2, r2, #16384
  50 0018 0092     		str	r2, [sp]
  51 001a 009A     		ldr	r2, [sp]
  52              	.LBE2:
  53              	.LBB3:
  55:Src/stm32f4xx_hal_msp.c ****   __HAL_RCC_PWR_CLK_ENABLE();
  54              		.loc 1 55 0
  55 001c 0194     		str	r4, [sp, #4]
  56 001e 1A6C     		ldr	r2, [r3, #64]
  57 0020 42F08052 		orr	r2, r2, #268435456
  58 0024 1A64     		str	r2, [r3, #64]
  59 0026 1B6C     		ldr	r3, [r3, #64]
  60 0028 03F08053 		and	r3, r3, #268435456
ARM GAS  C:\Users\dragos.nicolae\AppData\Local\Temp\ccbn9njm.s 			page 3


  61 002c 0193     		str	r3, [sp, #4]
  62 002e 019B     		ldr	r3, [sp, #4]
  63              	.LBE3:
  56:Src/stm32f4xx_hal_msp.c **** 
  57:Src/stm32f4xx_hal_msp.c ****   HAL_NVIC_SetPriorityGrouping(NVIC_PRIORITYGROUP_4);
  64              		.loc 1 57 0
  65 0030 0320     		movs	r0, #3
  66 0032 FFF7FEFF 		bl	HAL_NVIC_SetPriorityGrouping
  67              	.LVL0:
  58:Src/stm32f4xx_hal_msp.c **** 
  59:Src/stm32f4xx_hal_msp.c ****   /* System interrupt init*/
  60:Src/stm32f4xx_hal_msp.c ****   /* MemoryManagement_IRQn interrupt configuration */
  61:Src/stm32f4xx_hal_msp.c ****   HAL_NVIC_SetPriority(MemoryManagement_IRQn, 0, 0);
  68              		.loc 1 61 0
  69 0036 2246     		mov	r2, r4
  70 0038 2146     		mov	r1, r4
  71 003a 6FF00B00 		mvn	r0, #11
  72 003e FFF7FEFF 		bl	HAL_NVIC_SetPriority
  73              	.LVL1:
  62:Src/stm32f4xx_hal_msp.c ****   /* BusFault_IRQn interrupt configuration */
  63:Src/stm32f4xx_hal_msp.c ****   HAL_NVIC_SetPriority(BusFault_IRQn, 0, 0);
  74              		.loc 1 63 0
  75 0042 2246     		mov	r2, r4
  76 0044 2146     		mov	r1, r4
  77 0046 6FF00A00 		mvn	r0, #10
  78 004a FFF7FEFF 		bl	HAL_NVIC_SetPriority
  79              	.LVL2:
  64:Src/stm32f4xx_hal_msp.c ****   /* UsageFault_IRQn interrupt configuration */
  65:Src/stm32f4xx_hal_msp.c ****   HAL_NVIC_SetPriority(UsageFault_IRQn, 0, 0);
  80              		.loc 1 65 0
  81 004e 2246     		mov	r2, r4
  82 0050 2146     		mov	r1, r4
  83 0052 6FF00900 		mvn	r0, #9
  84 0056 FFF7FEFF 		bl	HAL_NVIC_SetPriority
  85              	.LVL3:
  66:Src/stm32f4xx_hal_msp.c ****   /* SVCall_IRQn interrupt configuration */
  67:Src/stm32f4xx_hal_msp.c ****   HAL_NVIC_SetPriority(SVCall_IRQn, 0, 0);
  86              		.loc 1 67 0
  87 005a 2246     		mov	r2, r4
  88 005c 2146     		mov	r1, r4
  89 005e 6FF00400 		mvn	r0, #4
  90 0062 FFF7FEFF 		bl	HAL_NVIC_SetPriority
  91              	.LVL4:
  68:Src/stm32f4xx_hal_msp.c ****   /* DebugMonitor_IRQn interrupt configuration */
  69:Src/stm32f4xx_hal_msp.c ****   HAL_NVIC_SetPriority(DebugMonitor_IRQn, 0, 0);
  92              		.loc 1 69 0
  93 0066 2246     		mov	r2, r4
  94 0068 2146     		mov	r1, r4
  95 006a 6FF00300 		mvn	r0, #3
  96 006e FFF7FEFF 		bl	HAL_NVIC_SetPriority
  97              	.LVL5:
  70:Src/stm32f4xx_hal_msp.c ****   /* PendSV_IRQn interrupt configuration */
  71:Src/stm32f4xx_hal_msp.c ****   HAL_NVIC_SetPriority(PendSV_IRQn, 0, 0);
  98              		.loc 1 71 0
  99 0072 2246     		mov	r2, r4
 100 0074 2146     		mov	r1, r4
 101 0076 6FF00100 		mvn	r0, #1
ARM GAS  C:\Users\dragos.nicolae\AppData\Local\Temp\ccbn9njm.s 			page 4


 102 007a FFF7FEFF 		bl	HAL_NVIC_SetPriority
 103              	.LVL6:
  72:Src/stm32f4xx_hal_msp.c ****   /* SysTick_IRQn interrupt configuration */
  73:Src/stm32f4xx_hal_msp.c ****   HAL_NVIC_SetPriority(SysTick_IRQn, 0, 0);
 104              		.loc 1 73 0
 105 007e 2246     		mov	r2, r4
 106 0080 2146     		mov	r1, r4
 107 0082 4FF0FF30 		mov	r0, #-1
 108 0086 FFF7FEFF 		bl	HAL_NVIC_SetPriority
 109              	.LVL7:
  74:Src/stm32f4xx_hal_msp.c **** 
  75:Src/stm32f4xx_hal_msp.c ****   /* USER CODE BEGIN MspInit 1 */
  76:Src/stm32f4xx_hal_msp.c **** 
  77:Src/stm32f4xx_hal_msp.c ****   /* USER CODE END MspInit 1 */
  78:Src/stm32f4xx_hal_msp.c **** }
 110              		.loc 1 78 0
 111 008a 02B0     		add	sp, sp, #8
 112              	.LCFI2:
 113              		.cfi_def_cfa_offset 8
 114              		@ sp needed
 115 008c 10BD     		pop	{r4, pc}
 116              	.L4:
 117 008e 00BF     		.align	2
 118              	.L3:
 119 0090 00380240 		.word	1073887232
 120              		.cfi_endproc
 121              	.LFE126:
 123              		.section	.text.HAL_ADC_MspInit,"ax",%progbits
 124              		.align	1
 125              		.global	HAL_ADC_MspInit
 126              		.syntax unified
 127              		.thumb
 128              		.thumb_func
 129              		.fpu fpv4-sp-d16
 131              	HAL_ADC_MspInit:
 132              	.LFB127:
  79:Src/stm32f4xx_hal_msp.c **** 
  80:Src/stm32f4xx_hal_msp.c **** void HAL_ADC_MspInit(ADC_HandleTypeDef* hadc)
  81:Src/stm32f4xx_hal_msp.c **** {
 133              		.loc 1 81 0
 134              		.cfi_startproc
 135              		@ args = 0, pretend = 0, frame = 24
 136              		@ frame_needed = 0, uses_anonymous_args = 0
 137              	.LVL8:
  82:Src/stm32f4xx_hal_msp.c **** 
  83:Src/stm32f4xx_hal_msp.c ****   GPIO_InitTypeDef GPIO_InitStruct;
  84:Src/stm32f4xx_hal_msp.c ****   if(hadc->Instance==ADC1)
 138              		.loc 1 84 0
 139 0000 0268     		ldr	r2, [r0]
 140 0002 0F4B     		ldr	r3, .L12
 141 0004 9A42     		cmp	r2, r3
 142 0006 00D0     		beq	.L11
 143 0008 7047     		bx	lr
 144              	.L11:
  81:Src/stm32f4xx_hal_msp.c **** 
 145              		.loc 1 81 0
 146 000a 00B5     		push	{lr}
ARM GAS  C:\Users\dragos.nicolae\AppData\Local\Temp\ccbn9njm.s 			page 5


 147              	.LCFI3:
 148              		.cfi_def_cfa_offset 4
 149              		.cfi_offset 14, -4
 150 000c 87B0     		sub	sp, sp, #28
 151              	.LCFI4:
 152              		.cfi_def_cfa_offset 32
 153              	.LBB4:
  85:Src/stm32f4xx_hal_msp.c ****   {
  86:Src/stm32f4xx_hal_msp.c ****   /* USER CODE BEGIN ADC1_MspInit 0 */
  87:Src/stm32f4xx_hal_msp.c **** 
  88:Src/stm32f4xx_hal_msp.c ****   /* USER CODE END ADC1_MspInit 0 */
  89:Src/stm32f4xx_hal_msp.c ****     /* Peripheral clock enable */
  90:Src/stm32f4xx_hal_msp.c ****     __HAL_RCC_ADC1_CLK_ENABLE();
 154              		.loc 1 90 0
 155 000e 0021     		movs	r1, #0
 156 0010 0091     		str	r1, [sp]
 157 0012 03F58C33 		add	r3, r3, #71680
 158 0016 5A6C     		ldr	r2, [r3, #68]
 159 0018 42F48072 		orr	r2, r2, #256
 160 001c 5A64     		str	r2, [r3, #68]
 161 001e 5B6C     		ldr	r3, [r3, #68]
 162 0020 03F48073 		and	r3, r3, #256
 163 0024 0093     		str	r3, [sp]
 164 0026 009B     		ldr	r3, [sp]
 165              	.LBE4:
  91:Src/stm32f4xx_hal_msp.c ****   
  92:Src/stm32f4xx_hal_msp.c ****     /**ADC1 GPIO Configuration    
  93:Src/stm32f4xx_hal_msp.c ****     PA0-WKUP     ------> ADC1_IN0
  94:Src/stm32f4xx_hal_msp.c ****     PA1     ------> ADC1_IN1 
  95:Src/stm32f4xx_hal_msp.c ****     */
  96:Src/stm32f4xx_hal_msp.c ****     GPIO_InitStruct.Pin = GPIO_PIN_0|GPIO_PIN_1;
 166              		.loc 1 96 0
 167 0028 0323     		movs	r3, #3
 168 002a 0193     		str	r3, [sp, #4]
  97:Src/stm32f4xx_hal_msp.c ****     GPIO_InitStruct.Mode = GPIO_MODE_ANALOG;
 169              		.loc 1 97 0
 170 002c 0293     		str	r3, [sp, #8]
  98:Src/stm32f4xx_hal_msp.c ****     GPIO_InitStruct.Pull = GPIO_NOPULL;
 171              		.loc 1 98 0
 172 002e 0391     		str	r1, [sp, #12]
  99:Src/stm32f4xx_hal_msp.c ****     HAL_GPIO_Init(GPIOA, &GPIO_InitStruct);
 173              		.loc 1 99 0
 174 0030 01A9     		add	r1, sp, #4
 175 0032 0448     		ldr	r0, .L12+4
 176              	.LVL9:
 177 0034 FFF7FEFF 		bl	HAL_GPIO_Init
 178              	.LVL10:
 100:Src/stm32f4xx_hal_msp.c **** 
 101:Src/stm32f4xx_hal_msp.c ****   /* USER CODE BEGIN ADC1_MspInit 1 */
 102:Src/stm32f4xx_hal_msp.c **** 
 103:Src/stm32f4xx_hal_msp.c ****   /* USER CODE END ADC1_MspInit 1 */
 104:Src/stm32f4xx_hal_msp.c ****   }
 105:Src/stm32f4xx_hal_msp.c **** 
 106:Src/stm32f4xx_hal_msp.c **** }
 179              		.loc 1 106 0
 180 0038 07B0     		add	sp, sp, #28
 181              	.LCFI5:
ARM GAS  C:\Users\dragos.nicolae\AppData\Local\Temp\ccbn9njm.s 			page 6


 182              		.cfi_def_cfa_offset 4
 183              		@ sp needed
 184 003a 5DF804FB 		ldr	pc, [sp], #4
 185              	.L13:
 186 003e 00BF     		.align	2
 187              	.L12:
 188 0040 00200140 		.word	1073815552
 189 0044 00000240 		.word	1073872896
 190              		.cfi_endproc
 191              	.LFE127:
 193              		.section	.text.HAL_ADC_MspDeInit,"ax",%progbits
 194              		.align	1
 195              		.global	HAL_ADC_MspDeInit
 196              		.syntax unified
 197              		.thumb
 198              		.thumb_func
 199              		.fpu fpv4-sp-d16
 201              	HAL_ADC_MspDeInit:
 202              	.LFB128:
 107:Src/stm32f4xx_hal_msp.c **** 
 108:Src/stm32f4xx_hal_msp.c **** void HAL_ADC_MspDeInit(ADC_HandleTypeDef* hadc)
 109:Src/stm32f4xx_hal_msp.c **** {
 203              		.loc 1 109 0
 204              		.cfi_startproc
 205              		@ args = 0, pretend = 0, frame = 0
 206              		@ frame_needed = 0, uses_anonymous_args = 0
 207              	.LVL11:
 208 0000 08B5     		push	{r3, lr}
 209              	.LCFI6:
 210              		.cfi_def_cfa_offset 8
 211              		.cfi_offset 3, -8
 212              		.cfi_offset 14, -4
 110:Src/stm32f4xx_hal_msp.c **** 
 111:Src/stm32f4xx_hal_msp.c ****   if(hadc->Instance==ADC1)
 213              		.loc 1 111 0
 214 0002 0268     		ldr	r2, [r0]
 215 0004 084B     		ldr	r3, .L18
 216 0006 9A42     		cmp	r2, r3
 217 0008 00D0     		beq	.L17
 218              	.LVL12:
 219              	.L14:
 112:Src/stm32f4xx_hal_msp.c ****   {
 113:Src/stm32f4xx_hal_msp.c ****   /* USER CODE BEGIN ADC1_MspDeInit 0 */
 114:Src/stm32f4xx_hal_msp.c **** 
 115:Src/stm32f4xx_hal_msp.c ****   /* USER CODE END ADC1_MspDeInit 0 */
 116:Src/stm32f4xx_hal_msp.c ****     /* Peripheral clock disable */
 117:Src/stm32f4xx_hal_msp.c ****     __HAL_RCC_ADC1_CLK_DISABLE();
 118:Src/stm32f4xx_hal_msp.c ****   
 119:Src/stm32f4xx_hal_msp.c ****     /**ADC1 GPIO Configuration    
 120:Src/stm32f4xx_hal_msp.c ****     PA0-WKUP     ------> ADC1_IN0
 121:Src/stm32f4xx_hal_msp.c ****     PA1     ------> ADC1_IN1 
 122:Src/stm32f4xx_hal_msp.c ****     */
 123:Src/stm32f4xx_hal_msp.c ****     HAL_GPIO_DeInit(GPIOA, GPIO_PIN_0|GPIO_PIN_1);
 124:Src/stm32f4xx_hal_msp.c **** 
 125:Src/stm32f4xx_hal_msp.c ****     /* ADC1 interrupt DeInit */
 126:Src/stm32f4xx_hal_msp.c ****     HAL_NVIC_DisableIRQ(ADC_IRQn);
 127:Src/stm32f4xx_hal_msp.c ****   /* USER CODE BEGIN ADC1_MspDeInit 1 */
ARM GAS  C:\Users\dragos.nicolae\AppData\Local\Temp\ccbn9njm.s 			page 7


 128:Src/stm32f4xx_hal_msp.c **** 
 129:Src/stm32f4xx_hal_msp.c ****   /* USER CODE END ADC1_MspDeInit 1 */
 130:Src/stm32f4xx_hal_msp.c ****   }
 131:Src/stm32f4xx_hal_msp.c **** 
 132:Src/stm32f4xx_hal_msp.c **** }
 220              		.loc 1 132 0
 221 000a 08BD     		pop	{r3, pc}
 222              	.LVL13:
 223              	.L17:
 117:Src/stm32f4xx_hal_msp.c ****   
 224              		.loc 1 117 0
 225 000c 074A     		ldr	r2, .L18+4
 226 000e 536C     		ldr	r3, [r2, #68]
 227 0010 23F48073 		bic	r3, r3, #256
 228 0014 5364     		str	r3, [r2, #68]
 123:Src/stm32f4xx_hal_msp.c **** 
 229              		.loc 1 123 0
 230 0016 0321     		movs	r1, #3
 231 0018 0548     		ldr	r0, .L18+8
 232              	.LVL14:
 233 001a FFF7FEFF 		bl	HAL_GPIO_DeInit
 234              	.LVL15:
 126:Src/stm32f4xx_hal_msp.c ****   /* USER CODE BEGIN ADC1_MspDeInit 1 */
 235              		.loc 1 126 0
 236 001e 1220     		movs	r0, #18
 237 0020 FFF7FEFF 		bl	HAL_NVIC_DisableIRQ
 238              	.LVL16:
 239              		.loc 1 132 0
 240 0024 F1E7     		b	.L14
 241              	.L19:
 242 0026 00BF     		.align	2
 243              	.L18:
 244 0028 00200140 		.word	1073815552
 245 002c 00380240 		.word	1073887232
 246 0030 00000240 		.word	1073872896
 247              		.cfi_endproc
 248              	.LFE128:
 250              		.section	.text.HAL_I2C_MspInit,"ax",%progbits
 251              		.align	1
 252              		.global	HAL_I2C_MspInit
 253              		.syntax unified
 254              		.thumb
 255              		.thumb_func
 256              		.fpu fpv4-sp-d16
 258              	HAL_I2C_MspInit:
 259              	.LFB129:
 133:Src/stm32f4xx_hal_msp.c **** 
 134:Src/stm32f4xx_hal_msp.c **** void HAL_I2C_MspInit(I2C_HandleTypeDef* hi2c)
 135:Src/stm32f4xx_hal_msp.c **** {
 260              		.loc 1 135 0
 261              		.cfi_startproc
 262              		@ args = 0, pretend = 0, frame = 24
 263              		@ frame_needed = 0, uses_anonymous_args = 0
 264              	.LVL17:
 136:Src/stm32f4xx_hal_msp.c **** 
 137:Src/stm32f4xx_hal_msp.c ****   GPIO_InitTypeDef GPIO_InitStruct;
 138:Src/stm32f4xx_hal_msp.c ****   if(hi2c->Instance==I2C1)
ARM GAS  C:\Users\dragos.nicolae\AppData\Local\Temp\ccbn9njm.s 			page 8


 265              		.loc 1 138 0
 266 0000 0268     		ldr	r2, [r0]
 267 0002 124B     		ldr	r3, .L27
 268 0004 9A42     		cmp	r2, r3
 269 0006 00D0     		beq	.L26
 270 0008 7047     		bx	lr
 271              	.L26:
 135:Src/stm32f4xx_hal_msp.c **** 
 272              		.loc 1 135 0
 273 000a 00B5     		push	{lr}
 274              	.LCFI7:
 275              		.cfi_def_cfa_offset 4
 276              		.cfi_offset 14, -4
 277 000c 87B0     		sub	sp, sp, #28
 278              	.LCFI8:
 279              		.cfi_def_cfa_offset 32
 139:Src/stm32f4xx_hal_msp.c ****   {
 140:Src/stm32f4xx_hal_msp.c ****   /* USER CODE BEGIN I2C1_MspInit 0 */
 141:Src/stm32f4xx_hal_msp.c **** 
 142:Src/stm32f4xx_hal_msp.c ****   /* USER CODE END I2C1_MspInit 0 */
 143:Src/stm32f4xx_hal_msp.c ****   
 144:Src/stm32f4xx_hal_msp.c ****     /**I2C1 GPIO Configuration    
 145:Src/stm32f4xx_hal_msp.c ****     PB6     ------> I2C1_SCL
 146:Src/stm32f4xx_hal_msp.c ****     PB7     ------> I2C1_SDA 
 147:Src/stm32f4xx_hal_msp.c ****     */
 148:Src/stm32f4xx_hal_msp.c ****     GPIO_InitStruct.Pin = GPIO_PIN_6|GPIO_PIN_7;
 280              		.loc 1 148 0
 281 000e C023     		movs	r3, #192
 282 0010 0193     		str	r3, [sp, #4]
 149:Src/stm32f4xx_hal_msp.c ****     GPIO_InitStruct.Mode = GPIO_MODE_AF_OD;
 283              		.loc 1 149 0
 284 0012 1223     		movs	r3, #18
 285 0014 0293     		str	r3, [sp, #8]
 150:Src/stm32f4xx_hal_msp.c ****     GPIO_InitStruct.Pull = GPIO_PULLUP;
 286              		.loc 1 150 0
 287 0016 0123     		movs	r3, #1
 288 0018 0393     		str	r3, [sp, #12]
 151:Src/stm32f4xx_hal_msp.c ****     GPIO_InitStruct.Speed = GPIO_SPEED_FREQ_VERY_HIGH;
 289              		.loc 1 151 0
 290 001a 0323     		movs	r3, #3
 291 001c 0493     		str	r3, [sp, #16]
 152:Src/stm32f4xx_hal_msp.c ****     GPIO_InitStruct.Alternate = GPIO_AF4_I2C1;
 292              		.loc 1 152 0
 293 001e 0423     		movs	r3, #4
 294 0020 0593     		str	r3, [sp, #20]
 153:Src/stm32f4xx_hal_msp.c ****     HAL_GPIO_Init(GPIOB, &GPIO_InitStruct);
 295              		.loc 1 153 0
 296 0022 0DEB0301 		add	r1, sp, r3
 297 0026 0A48     		ldr	r0, .L27+4
 298              	.LVL18:
 299 0028 FFF7FEFF 		bl	HAL_GPIO_Init
 300              	.LVL19:
 301              	.LBB5:
 154:Src/stm32f4xx_hal_msp.c **** 
 155:Src/stm32f4xx_hal_msp.c ****     /* Peripheral clock enable */
 156:Src/stm32f4xx_hal_msp.c ****     __HAL_RCC_I2C1_CLK_ENABLE();
 302              		.loc 1 156 0
ARM GAS  C:\Users\dragos.nicolae\AppData\Local\Temp\ccbn9njm.s 			page 9


 303 002c 0023     		movs	r3, #0
 304 002e 0093     		str	r3, [sp]
 305 0030 084B     		ldr	r3, .L27+8
 306 0032 1A6C     		ldr	r2, [r3, #64]
 307 0034 42F40012 		orr	r2, r2, #2097152
 308 0038 1A64     		str	r2, [r3, #64]
 309 003a 1B6C     		ldr	r3, [r3, #64]
 310 003c 03F40013 		and	r3, r3, #2097152
 311 0040 0093     		str	r3, [sp]
 312 0042 009B     		ldr	r3, [sp]
 313              	.LBE5:
 157:Src/stm32f4xx_hal_msp.c ****   /* USER CODE BEGIN I2C1_MspInit 1 */
 158:Src/stm32f4xx_hal_msp.c **** 
 159:Src/stm32f4xx_hal_msp.c ****   /* USER CODE END I2C1_MspInit 1 */
 160:Src/stm32f4xx_hal_msp.c ****   }
 161:Src/stm32f4xx_hal_msp.c **** 
 162:Src/stm32f4xx_hal_msp.c **** }
 314              		.loc 1 162 0
 315 0044 07B0     		add	sp, sp, #28
 316              	.LCFI9:
 317              		.cfi_def_cfa_offset 4
 318              		@ sp needed
 319 0046 5DF804FB 		ldr	pc, [sp], #4
 320              	.L28:
 321 004a 00BF     		.align	2
 322              	.L27:
 323 004c 00540040 		.word	1073763328
 324 0050 00040240 		.word	1073873920
 325 0054 00380240 		.word	1073887232
 326              		.cfi_endproc
 327              	.LFE129:
 329              		.section	.text.HAL_I2C_MspDeInit,"ax",%progbits
 330              		.align	1
 331              		.global	HAL_I2C_MspDeInit
 332              		.syntax unified
 333              		.thumb
 334              		.thumb_func
 335              		.fpu fpv4-sp-d16
 337              	HAL_I2C_MspDeInit:
 338              	.LFB130:
 163:Src/stm32f4xx_hal_msp.c **** 
 164:Src/stm32f4xx_hal_msp.c **** void HAL_I2C_MspDeInit(I2C_HandleTypeDef* hi2c)
 165:Src/stm32f4xx_hal_msp.c **** {
 339              		.loc 1 165 0
 340              		.cfi_startproc
 341              		@ args = 0, pretend = 0, frame = 0
 342              		@ frame_needed = 0, uses_anonymous_args = 0
 343              	.LVL20:
 344 0000 08B5     		push	{r3, lr}
 345              	.LCFI10:
 346              		.cfi_def_cfa_offset 8
 347              		.cfi_offset 3, -8
 348              		.cfi_offset 14, -4
 166:Src/stm32f4xx_hal_msp.c **** 
 167:Src/stm32f4xx_hal_msp.c ****   if(hi2c->Instance==I2C1)
 349              		.loc 1 167 0
 350 0002 0268     		ldr	r2, [r0]
ARM GAS  C:\Users\dragos.nicolae\AppData\Local\Temp\ccbn9njm.s 			page 10


 351 0004 094B     		ldr	r3, .L33
 352 0006 9A42     		cmp	r2, r3
 353 0008 00D0     		beq	.L32
 354              	.LVL21:
 355              	.L29:
 168:Src/stm32f4xx_hal_msp.c ****   {
 169:Src/stm32f4xx_hal_msp.c ****   /* USER CODE BEGIN I2C1_MspDeInit 0 */
 170:Src/stm32f4xx_hal_msp.c **** 
 171:Src/stm32f4xx_hal_msp.c ****   /* USER CODE END I2C1_MspDeInit 0 */
 172:Src/stm32f4xx_hal_msp.c ****     /* Peripheral clock disable */
 173:Src/stm32f4xx_hal_msp.c ****     __HAL_RCC_I2C1_CLK_DISABLE();
 174:Src/stm32f4xx_hal_msp.c ****   
 175:Src/stm32f4xx_hal_msp.c ****     /**I2C1 GPIO Configuration    
 176:Src/stm32f4xx_hal_msp.c ****     PB6     ------> I2C1_SCL
 177:Src/stm32f4xx_hal_msp.c ****     PB7     ------> I2C1_SDA 
 178:Src/stm32f4xx_hal_msp.c ****     */
 179:Src/stm32f4xx_hal_msp.c ****     HAL_GPIO_DeInit(GPIOB, GPIO_PIN_6|GPIO_PIN_7);
 180:Src/stm32f4xx_hal_msp.c **** 
 181:Src/stm32f4xx_hal_msp.c ****     /* I2C1 interrupt DeInit */
 182:Src/stm32f4xx_hal_msp.c ****     HAL_NVIC_DisableIRQ(I2C1_EV_IRQn);
 183:Src/stm32f4xx_hal_msp.c ****     HAL_NVIC_DisableIRQ(I2C1_ER_IRQn);
 184:Src/stm32f4xx_hal_msp.c ****   /* USER CODE BEGIN I2C1_MspDeInit 1 */
 185:Src/stm32f4xx_hal_msp.c **** 
 186:Src/stm32f4xx_hal_msp.c ****   /* USER CODE END I2C1_MspDeInit 1 */
 187:Src/stm32f4xx_hal_msp.c ****   }
 188:Src/stm32f4xx_hal_msp.c **** 
 189:Src/stm32f4xx_hal_msp.c **** }
 356              		.loc 1 189 0
 357 000a 08BD     		pop	{r3, pc}
 358              	.LVL22:
 359              	.L32:
 173:Src/stm32f4xx_hal_msp.c ****   
 360              		.loc 1 173 0
 361 000c 084A     		ldr	r2, .L33+4
 362 000e 136C     		ldr	r3, [r2, #64]
 363 0010 23F40013 		bic	r3, r3, #2097152
 364 0014 1364     		str	r3, [r2, #64]
 179:Src/stm32f4xx_hal_msp.c **** 
 365              		.loc 1 179 0
 366 0016 C021     		movs	r1, #192
 367 0018 0648     		ldr	r0, .L33+8
 368              	.LVL23:
 369 001a FFF7FEFF 		bl	HAL_GPIO_DeInit
 370              	.LVL24:
 182:Src/stm32f4xx_hal_msp.c ****     HAL_NVIC_DisableIRQ(I2C1_ER_IRQn);
 371              		.loc 1 182 0
 372 001e 1F20     		movs	r0, #31
 373 0020 FFF7FEFF 		bl	HAL_NVIC_DisableIRQ
 374              	.LVL25:
 183:Src/stm32f4xx_hal_msp.c ****   /* USER CODE BEGIN I2C1_MspDeInit 1 */
 375              		.loc 1 183 0
 376 0024 2020     		movs	r0, #32
 377 0026 FFF7FEFF 		bl	HAL_NVIC_DisableIRQ
 378              	.LVL26:
 379              		.loc 1 189 0
 380 002a EEE7     		b	.L29
 381              	.L34:
ARM GAS  C:\Users\dragos.nicolae\AppData\Local\Temp\ccbn9njm.s 			page 11


 382              		.align	2
 383              	.L33:
 384 002c 00540040 		.word	1073763328
 385 0030 00380240 		.word	1073887232
 386 0034 00040240 		.word	1073873920
 387              		.cfi_endproc
 388              	.LFE130:
 390              		.section	.text.HAL_UART_MspInit,"ax",%progbits
 391              		.align	1
 392              		.global	HAL_UART_MspInit
 393              		.syntax unified
 394              		.thumb
 395              		.thumb_func
 396              		.fpu fpv4-sp-d16
 398              	HAL_UART_MspInit:
 399              	.LFB131:
 190:Src/stm32f4xx_hal_msp.c **** 
 191:Src/stm32f4xx_hal_msp.c **** void HAL_UART_MspInit(UART_HandleTypeDef* huart)
 192:Src/stm32f4xx_hal_msp.c **** {
 400              		.loc 1 192 0
 401              		.cfi_startproc
 402              		@ args = 0, pretend = 0, frame = 32
 403              		@ frame_needed = 0, uses_anonymous_args = 0
 404              	.LVL27:
 405 0000 00B5     		push	{lr}
 406              	.LCFI11:
 407              		.cfi_def_cfa_offset 4
 408              		.cfi_offset 14, -4
 409 0002 89B0     		sub	sp, sp, #36
 410              	.LCFI12:
 411              		.cfi_def_cfa_offset 40
 193:Src/stm32f4xx_hal_msp.c **** 
 194:Src/stm32f4xx_hal_msp.c ****   GPIO_InitTypeDef GPIO_InitStruct;
 195:Src/stm32f4xx_hal_msp.c ****   if(huart->Instance==USART1)
 412              		.loc 1 195 0
 413 0004 0368     		ldr	r3, [r0]
 414 0006 204A     		ldr	r2, .L41
 415 0008 9342     		cmp	r3, r2
 416 000a 05D0     		beq	.L39
 196:Src/stm32f4xx_hal_msp.c ****   {
 197:Src/stm32f4xx_hal_msp.c ****   /* USER CODE BEGIN USART1_MspInit 0 */
 198:Src/stm32f4xx_hal_msp.c **** 
 199:Src/stm32f4xx_hal_msp.c ****   /* USER CODE END USART1_MspInit 0 */
 200:Src/stm32f4xx_hal_msp.c ****     /* Peripheral clock enable */
 201:Src/stm32f4xx_hal_msp.c ****     __HAL_RCC_USART1_CLK_ENABLE();
 202:Src/stm32f4xx_hal_msp.c ****   
 203:Src/stm32f4xx_hal_msp.c ****     /**USART1 GPIO Configuration    
 204:Src/stm32f4xx_hal_msp.c ****     PA9     ------> USART1_TX
 205:Src/stm32f4xx_hal_msp.c ****     PA10     ------> USART1_RX 
 206:Src/stm32f4xx_hal_msp.c ****     */
 207:Src/stm32f4xx_hal_msp.c ****     GPIO_InitStruct.Pin = GPIO_PIN_9|GPIO_PIN_10;
 208:Src/stm32f4xx_hal_msp.c ****     GPIO_InitStruct.Mode = GPIO_MODE_AF_PP;
 209:Src/stm32f4xx_hal_msp.c ****     GPIO_InitStruct.Pull = GPIO_PULLUP;
 210:Src/stm32f4xx_hal_msp.c ****     GPIO_InitStruct.Speed = GPIO_SPEED_FREQ_VERY_HIGH;
 211:Src/stm32f4xx_hal_msp.c ****     GPIO_InitStruct.Alternate = GPIO_AF7_USART1;
 212:Src/stm32f4xx_hal_msp.c ****     HAL_GPIO_Init(GPIOA, &GPIO_InitStruct);
 213:Src/stm32f4xx_hal_msp.c **** 
ARM GAS  C:\Users\dragos.nicolae\AppData\Local\Temp\ccbn9njm.s 			page 12


 214:Src/stm32f4xx_hal_msp.c ****   /* USER CODE BEGIN USART1_MspInit 1 */
 215:Src/stm32f4xx_hal_msp.c **** 
 216:Src/stm32f4xx_hal_msp.c ****   /* USER CODE END USART1_MspInit 1 */
 217:Src/stm32f4xx_hal_msp.c ****   }
 218:Src/stm32f4xx_hal_msp.c ****   else if(huart->Instance==USART2)
 417              		.loc 1 218 0
 418 000c 1F4A     		ldr	r2, .L41+4
 419 000e 9342     		cmp	r3, r2
 420 0010 1ED0     		beq	.L40
 421              	.LVL28:
 422              	.L35:
 219:Src/stm32f4xx_hal_msp.c ****   {
 220:Src/stm32f4xx_hal_msp.c ****   /* USER CODE BEGIN USART2_MspInit 0 */
 221:Src/stm32f4xx_hal_msp.c **** 
 222:Src/stm32f4xx_hal_msp.c ****   /* USER CODE END USART2_MspInit 0 */
 223:Src/stm32f4xx_hal_msp.c ****     /* Peripheral clock enable */
 224:Src/stm32f4xx_hal_msp.c ****     __HAL_RCC_USART2_CLK_ENABLE();
 225:Src/stm32f4xx_hal_msp.c ****   
 226:Src/stm32f4xx_hal_msp.c ****     /**USART2 GPIO Configuration    
 227:Src/stm32f4xx_hal_msp.c ****     PA2     ------> USART2_TX
 228:Src/stm32f4xx_hal_msp.c ****     PA3     ------> USART2_RX 
 229:Src/stm32f4xx_hal_msp.c ****     */
 230:Src/stm32f4xx_hal_msp.c ****     GPIO_InitStruct.Pin = GPIO_PIN_2|GPIO_PIN_3;
 231:Src/stm32f4xx_hal_msp.c ****     GPIO_InitStruct.Mode = GPIO_MODE_AF_PP;
 232:Src/stm32f4xx_hal_msp.c ****     GPIO_InitStruct.Pull = GPIO_PULLUP;
 233:Src/stm32f4xx_hal_msp.c ****     GPIO_InitStruct.Speed = GPIO_SPEED_FREQ_VERY_HIGH;
 234:Src/stm32f4xx_hal_msp.c ****     GPIO_InitStruct.Alternate = GPIO_AF7_USART2;
 235:Src/stm32f4xx_hal_msp.c ****     HAL_GPIO_Init(GPIOA, &GPIO_InitStruct);
 236:Src/stm32f4xx_hal_msp.c **** 
 237:Src/stm32f4xx_hal_msp.c ****   /* USER CODE BEGIN USART2_MspInit 1 */
 238:Src/stm32f4xx_hal_msp.c **** 
 239:Src/stm32f4xx_hal_msp.c ****   /* USER CODE END USART2_MspInit 1 */
 240:Src/stm32f4xx_hal_msp.c ****   }
 241:Src/stm32f4xx_hal_msp.c **** 
 242:Src/stm32f4xx_hal_msp.c **** }
 423              		.loc 1 242 0
 424 0012 09B0     		add	sp, sp, #36
 425              	.LCFI13:
 426              		.cfi_remember_state
 427              		.cfi_def_cfa_offset 4
 428              		@ sp needed
 429 0014 5DF804FB 		ldr	pc, [sp], #4
 430              	.LVL29:
 431              	.L39:
 432              	.LCFI14:
 433              		.cfi_restore_state
 434              	.LBB6:
 201:Src/stm32f4xx_hal_msp.c ****   
 435              		.loc 1 201 0
 436 0018 0023     		movs	r3, #0
 437 001a 0193     		str	r3, [sp, #4]
 438 001c 1C4B     		ldr	r3, .L41+8
 439 001e 5A6C     		ldr	r2, [r3, #68]
 440 0020 42F01002 		orr	r2, r2, #16
 441 0024 5A64     		str	r2, [r3, #68]
 442 0026 5B6C     		ldr	r3, [r3, #68]
 443 0028 03F01003 		and	r3, r3, #16
ARM GAS  C:\Users\dragos.nicolae\AppData\Local\Temp\ccbn9njm.s 			page 13


 444 002c 0193     		str	r3, [sp, #4]
 445 002e 019B     		ldr	r3, [sp, #4]
 446              	.LBE6:
 207:Src/stm32f4xx_hal_msp.c ****     GPIO_InitStruct.Mode = GPIO_MODE_AF_PP;
 447              		.loc 1 207 0
 448 0030 4FF4C063 		mov	r3, #1536
 449 0034 0393     		str	r3, [sp, #12]
 208:Src/stm32f4xx_hal_msp.c ****     GPIO_InitStruct.Pull = GPIO_PULLUP;
 450              		.loc 1 208 0
 451 0036 0223     		movs	r3, #2
 452 0038 0493     		str	r3, [sp, #16]
 209:Src/stm32f4xx_hal_msp.c ****     GPIO_InitStruct.Speed = GPIO_SPEED_FREQ_VERY_HIGH;
 453              		.loc 1 209 0
 454 003a 0123     		movs	r3, #1
 455 003c 0593     		str	r3, [sp, #20]
 210:Src/stm32f4xx_hal_msp.c ****     GPIO_InitStruct.Alternate = GPIO_AF7_USART1;
 456              		.loc 1 210 0
 457 003e 0323     		movs	r3, #3
 458 0040 0693     		str	r3, [sp, #24]
 211:Src/stm32f4xx_hal_msp.c ****     HAL_GPIO_Init(GPIOA, &GPIO_InitStruct);
 459              		.loc 1 211 0
 460 0042 0723     		movs	r3, #7
 461 0044 0793     		str	r3, [sp, #28]
 212:Src/stm32f4xx_hal_msp.c **** 
 462              		.loc 1 212 0
 463 0046 03A9     		add	r1, sp, #12
 464 0048 1248     		ldr	r0, .L41+12
 465              	.LVL30:
 466 004a FFF7FEFF 		bl	HAL_GPIO_Init
 467              	.LVL31:
 468 004e E0E7     		b	.L35
 469              	.LVL32:
 470              	.L40:
 471              	.LBB7:
 224:Src/stm32f4xx_hal_msp.c ****   
 472              		.loc 1 224 0
 473 0050 0023     		movs	r3, #0
 474 0052 0293     		str	r3, [sp, #8]
 475 0054 0E4B     		ldr	r3, .L41+8
 476 0056 1A6C     		ldr	r2, [r3, #64]
 477 0058 42F40032 		orr	r2, r2, #131072
 478 005c 1A64     		str	r2, [r3, #64]
 479 005e 1B6C     		ldr	r3, [r3, #64]
 480 0060 03F40033 		and	r3, r3, #131072
 481 0064 0293     		str	r3, [sp, #8]
 482 0066 029B     		ldr	r3, [sp, #8]
 483              	.LBE7:
 230:Src/stm32f4xx_hal_msp.c ****     GPIO_InitStruct.Mode = GPIO_MODE_AF_PP;
 484              		.loc 1 230 0
 485 0068 0C23     		movs	r3, #12
 486 006a 0393     		str	r3, [sp, #12]
 231:Src/stm32f4xx_hal_msp.c ****     GPIO_InitStruct.Pull = GPIO_PULLUP;
 487              		.loc 1 231 0
 488 006c 0223     		movs	r3, #2
 489 006e 0493     		str	r3, [sp, #16]
 232:Src/stm32f4xx_hal_msp.c ****     GPIO_InitStruct.Speed = GPIO_SPEED_FREQ_VERY_HIGH;
 490              		.loc 1 232 0
ARM GAS  C:\Users\dragos.nicolae\AppData\Local\Temp\ccbn9njm.s 			page 14


 491 0070 0123     		movs	r3, #1
 492 0072 0593     		str	r3, [sp, #20]
 233:Src/stm32f4xx_hal_msp.c ****     GPIO_InitStruct.Alternate = GPIO_AF7_USART2;
 493              		.loc 1 233 0
 494 0074 0323     		movs	r3, #3
 495 0076 0693     		str	r3, [sp, #24]
 234:Src/stm32f4xx_hal_msp.c ****     HAL_GPIO_Init(GPIOA, &GPIO_InitStruct);
 496              		.loc 1 234 0
 497 0078 0723     		movs	r3, #7
 498 007a 0793     		str	r3, [sp, #28]
 235:Src/stm32f4xx_hal_msp.c **** 
 499              		.loc 1 235 0
 500 007c 03A9     		add	r1, sp, #12
 501 007e 0548     		ldr	r0, .L41+12
 502              	.LVL33:
 503 0080 FFF7FEFF 		bl	HAL_GPIO_Init
 504              	.LVL34:
 505              		.loc 1 242 0
 506 0084 C5E7     		b	.L35
 507              	.L42:
 508 0086 00BF     		.align	2
 509              	.L41:
 510 0088 00100140 		.word	1073811456
 511 008c 00440040 		.word	1073759232
 512 0090 00380240 		.word	1073887232
 513 0094 00000240 		.word	1073872896
 514              		.cfi_endproc
 515              	.LFE131:
 517              		.section	.text.HAL_UART_MspDeInit,"ax",%progbits
 518              		.align	1
 519              		.global	HAL_UART_MspDeInit
 520              		.syntax unified
 521              		.thumb
 522              		.thumb_func
 523              		.fpu fpv4-sp-d16
 525              	HAL_UART_MspDeInit:
 526              	.LFB132:
 243:Src/stm32f4xx_hal_msp.c **** 
 244:Src/stm32f4xx_hal_msp.c **** void HAL_UART_MspDeInit(UART_HandleTypeDef* huart)
 245:Src/stm32f4xx_hal_msp.c **** {
 527              		.loc 1 245 0
 528              		.cfi_startproc
 529              		@ args = 0, pretend = 0, frame = 0
 530              		@ frame_needed = 0, uses_anonymous_args = 0
 531              	.LVL35:
 532 0000 08B5     		push	{r3, lr}
 533              	.LCFI15:
 534              		.cfi_def_cfa_offset 8
 535              		.cfi_offset 3, -8
 536              		.cfi_offset 14, -4
 246:Src/stm32f4xx_hal_msp.c **** 
 247:Src/stm32f4xx_hal_msp.c ****   if(huart->Instance==USART1)
 537              		.loc 1 247 0
 538 0002 0368     		ldr	r3, [r0]
 539 0004 114A     		ldr	r2, .L49
 540 0006 9342     		cmp	r3, r2
 541 0008 03D0     		beq	.L47
ARM GAS  C:\Users\dragos.nicolae\AppData\Local\Temp\ccbn9njm.s 			page 15


 248:Src/stm32f4xx_hal_msp.c ****   {
 249:Src/stm32f4xx_hal_msp.c ****   /* USER CODE BEGIN USART1_MspDeInit 0 */
 250:Src/stm32f4xx_hal_msp.c **** 
 251:Src/stm32f4xx_hal_msp.c ****   /* USER CODE END USART1_MspDeInit 0 */
 252:Src/stm32f4xx_hal_msp.c ****     /* Peripheral clock disable */
 253:Src/stm32f4xx_hal_msp.c ****     __HAL_RCC_USART1_CLK_DISABLE();
 254:Src/stm32f4xx_hal_msp.c ****   
 255:Src/stm32f4xx_hal_msp.c ****     /**USART1 GPIO Configuration    
 256:Src/stm32f4xx_hal_msp.c ****     PA9     ------> USART1_TX
 257:Src/stm32f4xx_hal_msp.c ****     PA10     ------> USART1_RX 
 258:Src/stm32f4xx_hal_msp.c ****     */
 259:Src/stm32f4xx_hal_msp.c ****     HAL_GPIO_DeInit(GPIOA, GPIO_PIN_9|GPIO_PIN_10);
 260:Src/stm32f4xx_hal_msp.c **** 
 261:Src/stm32f4xx_hal_msp.c ****     /* USART1 interrupt DeInit */
 262:Src/stm32f4xx_hal_msp.c ****     HAL_NVIC_DisableIRQ(USART1_IRQn);
 263:Src/stm32f4xx_hal_msp.c ****   /* USER CODE BEGIN USART1_MspDeInit 1 */
 264:Src/stm32f4xx_hal_msp.c **** 
 265:Src/stm32f4xx_hal_msp.c ****   /* USER CODE END USART1_MspDeInit 1 */
 266:Src/stm32f4xx_hal_msp.c ****   }
 267:Src/stm32f4xx_hal_msp.c ****   else if(huart->Instance==USART2)
 542              		.loc 1 267 0
 543 000a 114A     		ldr	r2, .L49+4
 544 000c 9342     		cmp	r3, r2
 545 000e 0FD0     		beq	.L48
 546              	.LVL36:
 547              	.L43:
 268:Src/stm32f4xx_hal_msp.c ****   {
 269:Src/stm32f4xx_hal_msp.c ****   /* USER CODE BEGIN USART2_MspDeInit 0 */
 270:Src/stm32f4xx_hal_msp.c **** 
 271:Src/stm32f4xx_hal_msp.c ****   /* USER CODE END USART2_MspDeInit 0 */
 272:Src/stm32f4xx_hal_msp.c ****     /* Peripheral clock disable */
 273:Src/stm32f4xx_hal_msp.c ****     __HAL_RCC_USART2_CLK_DISABLE();
 274:Src/stm32f4xx_hal_msp.c ****   
 275:Src/stm32f4xx_hal_msp.c ****     /**USART2 GPIO Configuration    
 276:Src/stm32f4xx_hal_msp.c ****     PA2     ------> USART2_TX
 277:Src/stm32f4xx_hal_msp.c ****     PA3     ------> USART2_RX 
 278:Src/stm32f4xx_hal_msp.c ****     */
 279:Src/stm32f4xx_hal_msp.c ****     HAL_GPIO_DeInit(GPIOA, GPIO_PIN_2|GPIO_PIN_3);
 280:Src/stm32f4xx_hal_msp.c **** 
 281:Src/stm32f4xx_hal_msp.c ****     /* USART2 interrupt DeInit */
 282:Src/stm32f4xx_hal_msp.c ****     HAL_NVIC_DisableIRQ(USART2_IRQn);
 283:Src/stm32f4xx_hal_msp.c ****   /* USER CODE BEGIN USART2_MspDeInit 1 */
 284:Src/stm32f4xx_hal_msp.c **** 
 285:Src/stm32f4xx_hal_msp.c ****   /* USER CODE END USART2_MspDeInit 1 */
 286:Src/stm32f4xx_hal_msp.c ****   }
 287:Src/stm32f4xx_hal_msp.c **** 
 288:Src/stm32f4xx_hal_msp.c **** }
 548              		.loc 1 288 0
 549 0010 08BD     		pop	{r3, pc}
 550              	.LVL37:
 551              	.L47:
 253:Src/stm32f4xx_hal_msp.c ****   
 552              		.loc 1 253 0
 553 0012 02F59432 		add	r2, r2, #75776
 554 0016 536C     		ldr	r3, [r2, #68]
 555 0018 23F01003 		bic	r3, r3, #16
 556 001c 5364     		str	r3, [r2, #68]
ARM GAS  C:\Users\dragos.nicolae\AppData\Local\Temp\ccbn9njm.s 			page 16


 259:Src/stm32f4xx_hal_msp.c **** 
 557              		.loc 1 259 0
 558 001e 4FF4C061 		mov	r1, #1536
 559 0022 0C48     		ldr	r0, .L49+8
 560              	.LVL38:
 561 0024 FFF7FEFF 		bl	HAL_GPIO_DeInit
 562              	.LVL39:
 262:Src/stm32f4xx_hal_msp.c ****   /* USER CODE BEGIN USART1_MspDeInit 1 */
 563              		.loc 1 262 0
 564 0028 2520     		movs	r0, #37
 565 002a FFF7FEFF 		bl	HAL_NVIC_DisableIRQ
 566              	.LVL40:
 567 002e EFE7     		b	.L43
 568              	.LVL41:
 569              	.L48:
 273:Src/stm32f4xx_hal_msp.c ****   
 570              		.loc 1 273 0
 571 0030 02F5FA32 		add	r2, r2, #128000
 572 0034 136C     		ldr	r3, [r2, #64]
 573 0036 23F40033 		bic	r3, r3, #131072
 574 003a 1364     		str	r3, [r2, #64]
 279:Src/stm32f4xx_hal_msp.c **** 
 575              		.loc 1 279 0
 576 003c 0C21     		movs	r1, #12
 577 003e 0548     		ldr	r0, .L49+8
 578              	.LVL42:
 579 0040 FFF7FEFF 		bl	HAL_GPIO_DeInit
 580              	.LVL43:
 282:Src/stm32f4xx_hal_msp.c ****   /* USER CODE BEGIN USART2_MspDeInit 1 */
 581              		.loc 1 282 0
 582 0044 2620     		movs	r0, #38
 583 0046 FFF7FEFF 		bl	HAL_NVIC_DisableIRQ
 584              	.LVL44:
 585              		.loc 1 288 0
 586 004a E1E7     		b	.L43
 587              	.L50:
 588              		.align	2
 589              	.L49:
 590 004c 00100140 		.word	1073811456
 591 0050 00440040 		.word	1073759232
 592 0054 00000240 		.word	1073872896
 593              		.cfi_endproc
 594              	.LFE132:
 596              		.text
 597              	.Letext0:
 598              		.file 2 "c:\\program files (x86)\\gnu tools arm embedded\\7 2018-q2-update\\arm-none-eabi\\include
 599              		.file 3 "c:\\program files (x86)\\gnu tools arm embedded\\7 2018-q2-update\\arm-none-eabi\\include
 600              		.file 4 "Drivers/CMSIS/Include/core_cm4.h"
 601              		.file 5 "Drivers/CMSIS/Device/ST/STM32F4xx/Include/system_stm32f4xx.h"
 602              		.file 6 "Drivers/CMSIS/Device/ST/STM32F4xx/Include/stm32f401xe.h"
 603              		.file 7 "c:\\program files (x86)\\gnu tools arm embedded\\7 2018-q2-update\\arm-none-eabi\\include
 604              		.file 8 "c:\\program files (x86)\\gnu tools arm embedded\\7 2018-q2-update\\arm-none-eabi\\include
 605              		.file 9 "c:\\program files (x86)\\gnu tools arm embedded\\7 2018-q2-update\\lib\\gcc\\arm-none-eab
 606              		.file 10 "c:\\program files (x86)\\gnu tools arm embedded\\7 2018-q2-update\\arm-none-eabi\\includ
 607              		.file 11 "Drivers/STM32F4xx_HAL_Driver/Inc/stm32f4xx_hal_def.h"
 608              		.file 12 "Drivers/STM32F4xx_HAL_Driver/Inc/stm32f4xx_hal_gpio.h"
 609              		.file 13 "Drivers/STM32F4xx_HAL_Driver/Inc/stm32f4xx_hal_dma.h"
ARM GAS  C:\Users\dragos.nicolae\AppData\Local\Temp\ccbn9njm.s 			page 17


 610              		.file 14 "Drivers/STM32F4xx_HAL_Driver/Inc/stm32f4xx_hal_adc.h"
 611              		.file 15 "Drivers/STM32F4xx_HAL_Driver/Inc/stm32f4xx_hal_i2c.h"
 612              		.file 16 "Drivers/STM32F4xx_HAL_Driver/Inc/stm32f4xx_hal_uart.h"
 613              		.file 17 "Drivers/STM32F4xx_HAL_Driver/Inc/stm32f4xx_hal_cortex.h"
ARM GAS  C:\Users\dragos.nicolae\AppData\Local\Temp\ccbn9njm.s 			page 18


DEFINED SYMBOLS
                            *ABS*:00000000 stm32f4xx_hal_msp.c
C:\Users\dragos.nicolae\AppData\Local\Temp\ccbn9njm.s:18     .text.HAL_MspInit:00000000 $t
C:\Users\dragos.nicolae\AppData\Local\Temp\ccbn9njm.s:25     .text.HAL_MspInit:00000000 HAL_MspInit
C:\Users\dragos.nicolae\AppData\Local\Temp\ccbn9njm.s:119    .text.HAL_MspInit:00000090 $d
C:\Users\dragos.nicolae\AppData\Local\Temp\ccbn9njm.s:124    .text.HAL_ADC_MspInit:00000000 $t
C:\Users\dragos.nicolae\AppData\Local\Temp\ccbn9njm.s:131    .text.HAL_ADC_MspInit:00000000 HAL_ADC_MspInit
C:\Users\dragos.nicolae\AppData\Local\Temp\ccbn9njm.s:188    .text.HAL_ADC_MspInit:00000040 $d
C:\Users\dragos.nicolae\AppData\Local\Temp\ccbn9njm.s:194    .text.HAL_ADC_MspDeInit:00000000 $t
C:\Users\dragos.nicolae\AppData\Local\Temp\ccbn9njm.s:201    .text.HAL_ADC_MspDeInit:00000000 HAL_ADC_MspDeInit
C:\Users\dragos.nicolae\AppData\Local\Temp\ccbn9njm.s:244    .text.HAL_ADC_MspDeInit:00000028 $d
C:\Users\dragos.nicolae\AppData\Local\Temp\ccbn9njm.s:251    .text.HAL_I2C_MspInit:00000000 $t
C:\Users\dragos.nicolae\AppData\Local\Temp\ccbn9njm.s:258    .text.HAL_I2C_MspInit:00000000 HAL_I2C_MspInit
C:\Users\dragos.nicolae\AppData\Local\Temp\ccbn9njm.s:323    .text.HAL_I2C_MspInit:0000004c $d
C:\Users\dragos.nicolae\AppData\Local\Temp\ccbn9njm.s:330    .text.HAL_I2C_MspDeInit:00000000 $t
C:\Users\dragos.nicolae\AppData\Local\Temp\ccbn9njm.s:337    .text.HAL_I2C_MspDeInit:00000000 HAL_I2C_MspDeInit
C:\Users\dragos.nicolae\AppData\Local\Temp\ccbn9njm.s:384    .text.HAL_I2C_MspDeInit:0000002c $d
C:\Users\dragos.nicolae\AppData\Local\Temp\ccbn9njm.s:391    .text.HAL_UART_MspInit:00000000 $t
C:\Users\dragos.nicolae\AppData\Local\Temp\ccbn9njm.s:398    .text.HAL_UART_MspInit:00000000 HAL_UART_MspInit
C:\Users\dragos.nicolae\AppData\Local\Temp\ccbn9njm.s:510    .text.HAL_UART_MspInit:00000088 $d
C:\Users\dragos.nicolae\AppData\Local\Temp\ccbn9njm.s:518    .text.HAL_UART_MspDeInit:00000000 $t
C:\Users\dragos.nicolae\AppData\Local\Temp\ccbn9njm.s:525    .text.HAL_UART_MspDeInit:00000000 HAL_UART_MspDeInit
C:\Users\dragos.nicolae\AppData\Local\Temp\ccbn9njm.s:590    .text.HAL_UART_MspDeInit:0000004c $d

UNDEFINED SYMBOLS
HAL_NVIC_SetPriorityGrouping
HAL_NVIC_SetPriority
HAL_GPIO_Init
HAL_GPIO_DeInit
HAL_NVIC_DisableIRQ
