ARM GAS  C:\Users\dragos.nicolae\AppData\Local\Temp\ccgHsned.s 			page 1


   1              		.cpu cortex-m4
   2              		.eabi_attribute 27, 1
   3              		.eabi_attribute 28, 1
   4              		.eabi_attribute 20, 1
   5              		.eabi_attribute 21, 1
   6              		.eabi_attribute 23, 3
   7              		.eabi_attribute 24, 1
   8              		.eabi_attribute 25, 1
   9              		.eabi_attribute 26, 1
  10              		.eabi_attribute 30, 1
  11              		.eabi_attribute 34, 1
  12              		.eabi_attribute 18, 4
  13              		.file	"stm32f4xx_it.c"
  14              		.text
  15              	.Ltext0:
  16              		.cfi_sections	.debug_frame
  17              		.section	.text.NMI_Handler,"ax",%progbits
  18              		.align	1
  19              		.global	NMI_Handler
  20              		.syntax unified
  21              		.thumb
  22              		.thumb_func
  23              		.fpu fpv4-sp-d16
  25              	NMI_Handler:
  26              	.LFB126:
  27              		.file 1 "Src/stm32f4xx_it.c"
   1:Src/stm32f4xx_it.c **** /**
   2:Src/stm32f4xx_it.c ****   ******************************************************************************
   3:Src/stm32f4xx_it.c ****   * @file    stm32f4xx_it.c
   4:Src/stm32f4xx_it.c ****   * @brief   Interrupt Service Routines.
   5:Src/stm32f4xx_it.c ****   ******************************************************************************
   6:Src/stm32f4xx_it.c ****   *
   7:Src/stm32f4xx_it.c ****   * COPYRIGHT(c) 2019 STMicroelectronics
   8:Src/stm32f4xx_it.c ****   *
   9:Src/stm32f4xx_it.c ****   * Redistribution and use in source and binary forms, with or without modification,
  10:Src/stm32f4xx_it.c ****   * are permitted provided that the following conditions are met:
  11:Src/stm32f4xx_it.c ****   *   1. Redistributions of source code must retain the above copyright notice,
  12:Src/stm32f4xx_it.c ****   *      this list of conditions and the following disclaimer.
  13:Src/stm32f4xx_it.c ****   *   2. Redistributions in binary form must reproduce the above copyright notice,
  14:Src/stm32f4xx_it.c ****   *      this list of conditions and the following disclaimer in the documentation
  15:Src/stm32f4xx_it.c ****   *      and/or other materials provided with the distribution.
  16:Src/stm32f4xx_it.c ****   *   3. Neither the name of STMicroelectronics nor the names of its contributors
  17:Src/stm32f4xx_it.c ****   *      may be used to endorse or promote products derived from this software
  18:Src/stm32f4xx_it.c ****   *      without specific prior written permission.
  19:Src/stm32f4xx_it.c ****   *
  20:Src/stm32f4xx_it.c ****   * THIS SOFTWARE IS PROVIDED BY THE COPYRIGHT HOLDERS AND CONTRIBUTORS "AS IS"
  21:Src/stm32f4xx_it.c ****   * AND ANY EXPRESS OR IMPLIED WARRANTIES, INCLUDING, BUT NOT LIMITED TO, THE
  22:Src/stm32f4xx_it.c ****   * IMPLIED WARRANTIES OF MERCHANTABILITY AND FITNESS FOR A PARTICULAR PURPOSE ARE
  23:Src/stm32f4xx_it.c ****   * DISCLAIMED. IN NO EVENT SHALL THE COPYRIGHT HOLDER OR CONTRIBUTORS BE LIABLE
  24:Src/stm32f4xx_it.c ****   * FOR ANY DIRECT, INDIRECT, INCIDENTAL, SPECIAL, EXEMPLARY, OR CONSEQUENTIAL
  25:Src/stm32f4xx_it.c ****   * DAMAGES (INCLUDING, BUT NOT LIMITED TO, PROCUREMENT OF SUBSTITUTE GOODS OR
  26:Src/stm32f4xx_it.c ****   * SERVICES; LOSS OF USE, DATA, OR PROFITS; OR BUSINESS INTERRUPTION) HOWEVER
  27:Src/stm32f4xx_it.c ****   * CAUSED AND ON ANY THEORY OF LIABILITY, WHETHER IN CONTRACT, STRICT LIABILITY,
  28:Src/stm32f4xx_it.c ****   * OR TORT (INCLUDING NEGLIGENCE OR OTHERWISE) ARISING IN ANY WAY OUT OF THE USE
  29:Src/stm32f4xx_it.c ****   * OF THIS SOFTWARE, EVEN IF ADVISED OF THE POSSIBILITY OF SUCH DAMAGE.
  30:Src/stm32f4xx_it.c ****   *
  31:Src/stm32f4xx_it.c ****   ******************************************************************************
ARM GAS  C:\Users\dragos.nicolae\AppData\Local\Temp\ccgHsned.s 			page 2


  32:Src/stm32f4xx_it.c ****   */
  33:Src/stm32f4xx_it.c **** /* Includes ------------------------------------------------------------------*/
  34:Src/stm32f4xx_it.c **** #include "stm32f4xx_hal.h"
  35:Src/stm32f4xx_it.c **** #include "stm32f4xx.h"
  36:Src/stm32f4xx_it.c **** #include "stm32f4xx_it.h"
  37:Src/stm32f4xx_it.c **** #include "main.h"
  38:Src/stm32f4xx_it.c **** 
  39:Src/stm32f4xx_it.c **** /* USER CODE BEGIN 0 */
  40:Src/stm32f4xx_it.c **** 
  41:Src/stm32f4xx_it.c **** /* USER CODE END 0 */
  42:Src/stm32f4xx_it.c **** 
  43:Src/stm32f4xx_it.c **** /* External variables --------------------------------------------------------*/
  44:Src/stm32f4xx_it.c **** extern ADC_HandleTypeDef hadc1;
  45:Src/stm32f4xx_it.c **** extern I2C_HandleTypeDef hi2c1;
  46:Src/stm32f4xx_it.c **** extern UART_HandleTypeDef huart1;
  47:Src/stm32f4xx_it.c **** extern UART_HandleTypeDef huart2;
  48:Src/stm32f4xx_it.c **** 
  49:Src/stm32f4xx_it.c **** /******************************************************************************/
  50:Src/stm32f4xx_it.c **** /*            Cortex-M4 Processor Interruption and Exception Handlers         */ 
  51:Src/stm32f4xx_it.c **** /******************************************************************************/
  52:Src/stm32f4xx_it.c **** 
  53:Src/stm32f4xx_it.c **** /**
  54:Src/stm32f4xx_it.c **** * @brief This function handles Non maskable interrupt.
  55:Src/stm32f4xx_it.c **** */
  56:Src/stm32f4xx_it.c **** void NMI_Handler(void)
  57:Src/stm32f4xx_it.c **** {
  28              		.loc 1 57 0
  29              		.cfi_startproc
  30              		@ args = 0, pretend = 0, frame = 0
  31              		@ frame_needed = 0, uses_anonymous_args = 0
  32              		@ link register save eliminated.
  58:Src/stm32f4xx_it.c ****   /* USER CODE BEGIN NonMaskableInt_IRQn 0 */
  59:Src/stm32f4xx_it.c **** 
  60:Src/stm32f4xx_it.c ****   /* USER CODE END NonMaskableInt_IRQn 0 */
  61:Src/stm32f4xx_it.c ****   /* USER CODE BEGIN NonMaskableInt_IRQn 1 */
  62:Src/stm32f4xx_it.c **** 
  63:Src/stm32f4xx_it.c ****   /* USER CODE END NonMaskableInt_IRQn 1 */
  64:Src/stm32f4xx_it.c **** }
  33              		.loc 1 64 0
  34 0000 7047     		bx	lr
  35              		.cfi_endproc
  36              	.LFE126:
  38              		.section	.text.HardFault_Handler,"ax",%progbits
  39              		.align	1
  40              		.global	HardFault_Handler
  41              		.syntax unified
  42              		.thumb
  43              		.thumb_func
  44              		.fpu fpv4-sp-d16
  46              	HardFault_Handler:
  47              	.LFB127:
  65:Src/stm32f4xx_it.c **** 
  66:Src/stm32f4xx_it.c **** /**
  67:Src/stm32f4xx_it.c **** * @brief This function handles Hard fault interrupt.
  68:Src/stm32f4xx_it.c **** */
  69:Src/stm32f4xx_it.c **** void HardFault_Handler(void)
  70:Src/stm32f4xx_it.c **** {
ARM GAS  C:\Users\dragos.nicolae\AppData\Local\Temp\ccgHsned.s 			page 3


  48              		.loc 1 70 0
  49              		.cfi_startproc
  50              		@ Volatile: function does not return.
  51              		@ args = 0, pretend = 0, frame = 0
  52              		@ frame_needed = 0, uses_anonymous_args = 0
  53              		@ link register save eliminated.
  54              	.L3:
  55 0000 FEE7     		b	.L3
  56              		.cfi_endproc
  57              	.LFE127:
  59              		.section	.text.MemManage_Handler,"ax",%progbits
  60              		.align	1
  61              		.global	MemManage_Handler
  62              		.syntax unified
  63              		.thumb
  64              		.thumb_func
  65              		.fpu fpv4-sp-d16
  67              	MemManage_Handler:
  68              	.LFB128:
  71:Src/stm32f4xx_it.c ****   /* USER CODE BEGIN HardFault_IRQn 0 */
  72:Src/stm32f4xx_it.c **** 
  73:Src/stm32f4xx_it.c ****   /* USER CODE END HardFault_IRQn 0 */
  74:Src/stm32f4xx_it.c ****   while (1)
  75:Src/stm32f4xx_it.c ****   {
  76:Src/stm32f4xx_it.c ****     /* USER CODE BEGIN W1_HardFault_IRQn 0 */
  77:Src/stm32f4xx_it.c ****     /* USER CODE END W1_HardFault_IRQn 0 */
  78:Src/stm32f4xx_it.c ****   }
  79:Src/stm32f4xx_it.c ****   /* USER CODE BEGIN HardFault_IRQn 1 */
  80:Src/stm32f4xx_it.c **** 
  81:Src/stm32f4xx_it.c ****   /* USER CODE END HardFault_IRQn 1 */
  82:Src/stm32f4xx_it.c **** }
  83:Src/stm32f4xx_it.c **** 
  84:Src/stm32f4xx_it.c **** /**
  85:Src/stm32f4xx_it.c **** * @brief This function handles Memory management fault.
  86:Src/stm32f4xx_it.c **** */
  87:Src/stm32f4xx_it.c **** void MemManage_Handler(void)
  88:Src/stm32f4xx_it.c **** {
  69              		.loc 1 88 0
  70              		.cfi_startproc
  71              		@ Volatile: function does not return.
  72              		@ args = 0, pretend = 0, frame = 0
  73              		@ frame_needed = 0, uses_anonymous_args = 0
  74              		@ link register save eliminated.
  75              	.L5:
  76 0000 FEE7     		b	.L5
  77              		.cfi_endproc
  78              	.LFE128:
  80              		.section	.text.BusFault_Handler,"ax",%progbits
  81              		.align	1
  82              		.global	BusFault_Handler
  83              		.syntax unified
  84              		.thumb
  85              		.thumb_func
  86              		.fpu fpv4-sp-d16
  88              	BusFault_Handler:
  89              	.LFB129:
  89:Src/stm32f4xx_it.c ****   /* USER CODE BEGIN MemoryManagement_IRQn 0 */
ARM GAS  C:\Users\dragos.nicolae\AppData\Local\Temp\ccgHsned.s 			page 4


  90:Src/stm32f4xx_it.c **** 
  91:Src/stm32f4xx_it.c ****   /* USER CODE END MemoryManagement_IRQn 0 */
  92:Src/stm32f4xx_it.c ****   while (1)
  93:Src/stm32f4xx_it.c ****   {
  94:Src/stm32f4xx_it.c ****     /* USER CODE BEGIN W1_MemoryManagement_IRQn 0 */
  95:Src/stm32f4xx_it.c ****     /* USER CODE END W1_MemoryManagement_IRQn 0 */
  96:Src/stm32f4xx_it.c ****   }
  97:Src/stm32f4xx_it.c ****   /* USER CODE BEGIN MemoryManagement_IRQn 1 */
  98:Src/stm32f4xx_it.c **** 
  99:Src/stm32f4xx_it.c ****   /* USER CODE END MemoryManagement_IRQn 1 */
 100:Src/stm32f4xx_it.c **** }
 101:Src/stm32f4xx_it.c **** 
 102:Src/stm32f4xx_it.c **** /**
 103:Src/stm32f4xx_it.c **** * @brief This function handles Pre-fetch fault, memory access fault.
 104:Src/stm32f4xx_it.c **** */
 105:Src/stm32f4xx_it.c **** void BusFault_Handler(void)
 106:Src/stm32f4xx_it.c **** {
  90              		.loc 1 106 0
  91              		.cfi_startproc
  92              		@ Volatile: function does not return.
  93              		@ args = 0, pretend = 0, frame = 0
  94              		@ frame_needed = 0, uses_anonymous_args = 0
  95              		@ link register save eliminated.
  96              	.L7:
  97 0000 FEE7     		b	.L7
  98              		.cfi_endproc
  99              	.LFE129:
 101              		.section	.text.UsageFault_Handler,"ax",%progbits
 102              		.align	1
 103              		.global	UsageFault_Handler
 104              		.syntax unified
 105              		.thumb
 106              		.thumb_func
 107              		.fpu fpv4-sp-d16
 109              	UsageFault_Handler:
 110              	.LFB130:
 107:Src/stm32f4xx_it.c ****   /* USER CODE BEGIN BusFault_IRQn 0 */
 108:Src/stm32f4xx_it.c **** 
 109:Src/stm32f4xx_it.c ****   /* USER CODE END BusFault_IRQn 0 */
 110:Src/stm32f4xx_it.c ****   while (1)
 111:Src/stm32f4xx_it.c ****   {
 112:Src/stm32f4xx_it.c ****     /* USER CODE BEGIN W1_BusFault_IRQn 0 */
 113:Src/stm32f4xx_it.c ****     /* USER CODE END W1_BusFault_IRQn 0 */
 114:Src/stm32f4xx_it.c ****   }
 115:Src/stm32f4xx_it.c ****   /* USER CODE BEGIN BusFault_IRQn 1 */
 116:Src/stm32f4xx_it.c **** 
 117:Src/stm32f4xx_it.c ****   /* USER CODE END BusFault_IRQn 1 */
 118:Src/stm32f4xx_it.c **** }
 119:Src/stm32f4xx_it.c **** 
 120:Src/stm32f4xx_it.c **** /**
 121:Src/stm32f4xx_it.c **** * @brief This function handles Undefined instruction or illegal state.
 122:Src/stm32f4xx_it.c **** */
 123:Src/stm32f4xx_it.c **** void UsageFault_Handler(void)
 124:Src/stm32f4xx_it.c **** {
 111              		.loc 1 124 0
 112              		.cfi_startproc
 113              		@ Volatile: function does not return.
ARM GAS  C:\Users\dragos.nicolae\AppData\Local\Temp\ccgHsned.s 			page 5


 114              		@ args = 0, pretend = 0, frame = 0
 115              		@ frame_needed = 0, uses_anonymous_args = 0
 116              		@ link register save eliminated.
 117              	.L9:
 118 0000 FEE7     		b	.L9
 119              		.cfi_endproc
 120              	.LFE130:
 122              		.section	.text.SVC_Handler,"ax",%progbits
 123              		.align	1
 124              		.global	SVC_Handler
 125              		.syntax unified
 126              		.thumb
 127              		.thumb_func
 128              		.fpu fpv4-sp-d16
 130              	SVC_Handler:
 131              	.LFB131:
 125:Src/stm32f4xx_it.c ****   /* USER CODE BEGIN UsageFault_IRQn 0 */
 126:Src/stm32f4xx_it.c **** 
 127:Src/stm32f4xx_it.c ****   /* USER CODE END UsageFault_IRQn 0 */
 128:Src/stm32f4xx_it.c ****   while (1)
 129:Src/stm32f4xx_it.c ****   {
 130:Src/stm32f4xx_it.c ****     /* USER CODE BEGIN W1_UsageFault_IRQn 0 */
 131:Src/stm32f4xx_it.c ****     /* USER CODE END W1_UsageFault_IRQn 0 */
 132:Src/stm32f4xx_it.c ****   }
 133:Src/stm32f4xx_it.c ****   /* USER CODE BEGIN UsageFault_IRQn 1 */
 134:Src/stm32f4xx_it.c **** 
 135:Src/stm32f4xx_it.c ****   /* USER CODE END UsageFault_IRQn 1 */
 136:Src/stm32f4xx_it.c **** }
 137:Src/stm32f4xx_it.c **** 
 138:Src/stm32f4xx_it.c **** /**
 139:Src/stm32f4xx_it.c **** * @brief This function handles System service call via SWI instruction.
 140:Src/stm32f4xx_it.c **** */
 141:Src/stm32f4xx_it.c **** void SVC_Handler(void)
 142:Src/stm32f4xx_it.c **** {
 132              		.loc 1 142 0
 133              		.cfi_startproc
 134              		@ args = 0, pretend = 0, frame = 0
 135              		@ frame_needed = 0, uses_anonymous_args = 0
 136              		@ link register save eliminated.
 143:Src/stm32f4xx_it.c ****   /* USER CODE BEGIN SVCall_IRQn 0 */
 144:Src/stm32f4xx_it.c **** 
 145:Src/stm32f4xx_it.c ****   /* USER CODE END SVCall_IRQn 0 */
 146:Src/stm32f4xx_it.c ****   /* USER CODE BEGIN SVCall_IRQn 1 */
 147:Src/stm32f4xx_it.c **** 
 148:Src/stm32f4xx_it.c ****   /* USER CODE END SVCall_IRQn 1 */
 149:Src/stm32f4xx_it.c **** }
 137              		.loc 1 149 0
 138 0000 7047     		bx	lr
 139              		.cfi_endproc
 140              	.LFE131:
 142              		.section	.text.DebugMon_Handler,"ax",%progbits
 143              		.align	1
 144              		.global	DebugMon_Handler
 145              		.syntax unified
 146              		.thumb
 147              		.thumb_func
 148              		.fpu fpv4-sp-d16
ARM GAS  C:\Users\dragos.nicolae\AppData\Local\Temp\ccgHsned.s 			page 6


 150              	DebugMon_Handler:
 151              	.LFB132:
 150:Src/stm32f4xx_it.c **** 
 151:Src/stm32f4xx_it.c **** /**
 152:Src/stm32f4xx_it.c **** * @brief This function handles Debug monitor.
 153:Src/stm32f4xx_it.c **** */
 154:Src/stm32f4xx_it.c **** void DebugMon_Handler(void)
 155:Src/stm32f4xx_it.c **** {
 152              		.loc 1 155 0
 153              		.cfi_startproc
 154              		@ args = 0, pretend = 0, frame = 0
 155              		@ frame_needed = 0, uses_anonymous_args = 0
 156              		@ link register save eliminated.
 156:Src/stm32f4xx_it.c ****   /* USER CODE BEGIN DebugMonitor_IRQn 0 */
 157:Src/stm32f4xx_it.c **** 
 158:Src/stm32f4xx_it.c ****   /* USER CODE END DebugMonitor_IRQn 0 */
 159:Src/stm32f4xx_it.c ****   /* USER CODE BEGIN DebugMonitor_IRQn 1 */
 160:Src/stm32f4xx_it.c **** 
 161:Src/stm32f4xx_it.c ****   /* USER CODE END DebugMonitor_IRQn 1 */
 162:Src/stm32f4xx_it.c **** }
 157              		.loc 1 162 0
 158 0000 7047     		bx	lr
 159              		.cfi_endproc
 160              	.LFE132:
 162              		.section	.text.PendSV_Handler,"ax",%progbits
 163              		.align	1
 164              		.global	PendSV_Handler
 165              		.syntax unified
 166              		.thumb
 167              		.thumb_func
 168              		.fpu fpv4-sp-d16
 170              	PendSV_Handler:
 171              	.LFB133:
 163:Src/stm32f4xx_it.c **** 
 164:Src/stm32f4xx_it.c **** /**
 165:Src/stm32f4xx_it.c **** * @brief This function handles Pendable request for system service.
 166:Src/stm32f4xx_it.c **** */
 167:Src/stm32f4xx_it.c **** void PendSV_Handler(void)
 168:Src/stm32f4xx_it.c **** {
 172              		.loc 1 168 0
 173              		.cfi_startproc
 174              		@ args = 0, pretend = 0, frame = 0
 175              		@ frame_needed = 0, uses_anonymous_args = 0
 176              		@ link register save eliminated.
 169:Src/stm32f4xx_it.c ****   /* USER CODE BEGIN PendSV_IRQn 0 */
 170:Src/stm32f4xx_it.c **** 
 171:Src/stm32f4xx_it.c ****   /* USER CODE END PendSV_IRQn 0 */
 172:Src/stm32f4xx_it.c ****   /* USER CODE BEGIN PendSV_IRQn 1 */
 173:Src/stm32f4xx_it.c **** 
 174:Src/stm32f4xx_it.c ****   /* USER CODE END PendSV_IRQn 1 */
 175:Src/stm32f4xx_it.c **** }
 177              		.loc 1 175 0
 178 0000 7047     		bx	lr
 179              		.cfi_endproc
 180              	.LFE133:
 182              		.section	.text.SysTick_Handler,"ax",%progbits
 183              		.align	1
ARM GAS  C:\Users\dragos.nicolae\AppData\Local\Temp\ccgHsned.s 			page 7


 184              		.global	SysTick_Handler
 185              		.syntax unified
 186              		.thumb
 187              		.thumb_func
 188              		.fpu fpv4-sp-d16
 190              	SysTick_Handler:
 191              	.LFB134:
 176:Src/stm32f4xx_it.c **** 
 177:Src/stm32f4xx_it.c **** /**
 178:Src/stm32f4xx_it.c **** * @brief This function handles System tick timer.
 179:Src/stm32f4xx_it.c **** */
 180:Src/stm32f4xx_it.c **** void SysTick_Handler(void)
 181:Src/stm32f4xx_it.c **** {
 192              		.loc 1 181 0
 193              		.cfi_startproc
 194              		@ args = 0, pretend = 0, frame = 0
 195              		@ frame_needed = 0, uses_anonymous_args = 0
 196 0000 08B5     		push	{r3, lr}
 197              	.LCFI0:
 198              		.cfi_def_cfa_offset 8
 199              		.cfi_offset 3, -8
 200              		.cfi_offset 14, -4
 182:Src/stm32f4xx_it.c ****   /* USER CODE BEGIN SysTick_IRQn 0 */
 183:Src/stm32f4xx_it.c **** 
 184:Src/stm32f4xx_it.c ****   /* USER CODE END SysTick_IRQn 0 */
 185:Src/stm32f4xx_it.c ****   HAL_IncTick();
 201              		.loc 1 185 0
 202 0002 FFF7FEFF 		bl	HAL_IncTick
 203              	.LVL0:
 186:Src/stm32f4xx_it.c ****   HAL_SYSTICK_IRQHandler();
 204              		.loc 1 186 0
 205 0006 FFF7FEFF 		bl	HAL_SYSTICK_IRQHandler
 206              	.LVL1:
 187:Src/stm32f4xx_it.c ****   /* USER CODE BEGIN SysTick_IRQn 1 */
 188:Src/stm32f4xx_it.c **** 
 189:Src/stm32f4xx_it.c ****   /* USER CODE END SysTick_IRQn 1 */
 190:Src/stm32f4xx_it.c **** }
 207              		.loc 1 190 0
 208 000a 08BD     		pop	{r3, pc}
 209              		.cfi_endproc
 210              	.LFE134:
 212              		.section	.text.ADC_IRQHandler,"ax",%progbits
 213              		.align	1
 214              		.global	ADC_IRQHandler
 215              		.syntax unified
 216              		.thumb
 217              		.thumb_func
 218              		.fpu fpv4-sp-d16
 220              	ADC_IRQHandler:
 221              	.LFB135:
 191:Src/stm32f4xx_it.c **** 
 192:Src/stm32f4xx_it.c **** /******************************************************************************/
 193:Src/stm32f4xx_it.c **** /* STM32F4xx Peripheral Interrupt Handlers                                    */
 194:Src/stm32f4xx_it.c **** /* Add here the Interrupt Handlers for the used peripherals.                  */
 195:Src/stm32f4xx_it.c **** /* For the available peripheral interrupt handler names,                      */
 196:Src/stm32f4xx_it.c **** /* please refer to the startup file (startup_stm32f4xx.s).                    */
 197:Src/stm32f4xx_it.c **** /******************************************************************************/
ARM GAS  C:\Users\dragos.nicolae\AppData\Local\Temp\ccgHsned.s 			page 8


 198:Src/stm32f4xx_it.c **** 
 199:Src/stm32f4xx_it.c **** /**
 200:Src/stm32f4xx_it.c **** * @brief This function handles ADC1 global interrupt.
 201:Src/stm32f4xx_it.c **** */
 202:Src/stm32f4xx_it.c **** void ADC_IRQHandler(void)
 203:Src/stm32f4xx_it.c **** {
 222              		.loc 1 203 0
 223              		.cfi_startproc
 224              		@ args = 0, pretend = 0, frame = 0
 225              		@ frame_needed = 0, uses_anonymous_args = 0
 226 0000 08B5     		push	{r3, lr}
 227              	.LCFI1:
 228              		.cfi_def_cfa_offset 8
 229              		.cfi_offset 3, -8
 230              		.cfi_offset 14, -4
 204:Src/stm32f4xx_it.c ****   /* USER CODE BEGIN ADC_IRQn 0 */
 205:Src/stm32f4xx_it.c ****    //HAL_NVIC_DisableIRQ(ADC_IRQn);
 206:Src/stm32f4xx_it.c ****   /* USER CODE END ADC_IRQn 0 */
 207:Src/stm32f4xx_it.c ****    HAL_ADC_IRQHandler(&hadc1);
 231              		.loc 1 207 0
 232 0002 0248     		ldr	r0, .L17
 233 0004 FFF7FEFF 		bl	HAL_ADC_IRQHandler
 234              	.LVL2:
 208:Src/stm32f4xx_it.c ****   /* USER CODE BEGIN ADC_IRQn 1 */
 209:Src/stm32f4xx_it.c ****   // HAL_NVIC_EnableIRQ(ADC_IRQn);
 210:Src/stm32f4xx_it.c ****   /* USER CODE END ADC_IRQn 1 */
 211:Src/stm32f4xx_it.c **** }
 235              		.loc 1 211 0
 236 0008 08BD     		pop	{r3, pc}
 237              	.L18:
 238 000a 00BF     		.align	2
 239              	.L17:
 240 000c 00000000 		.word	hadc1
 241              		.cfi_endproc
 242              	.LFE135:
 244              		.section	.text.I2C1_EV_IRQHandler,"ax",%progbits
 245              		.align	1
 246              		.global	I2C1_EV_IRQHandler
 247              		.syntax unified
 248              		.thumb
 249              		.thumb_func
 250              		.fpu fpv4-sp-d16
 252              	I2C1_EV_IRQHandler:
 253              	.LFB136:
 212:Src/stm32f4xx_it.c **** 
 213:Src/stm32f4xx_it.c **** /**
 214:Src/stm32f4xx_it.c **** * @brief This function handles I2C1 event interrupt.
 215:Src/stm32f4xx_it.c **** */
 216:Src/stm32f4xx_it.c **** void I2C1_EV_IRQHandler(void)
 217:Src/stm32f4xx_it.c **** {
 254              		.loc 1 217 0
 255              		.cfi_startproc
 256              		@ args = 0, pretend = 0, frame = 0
 257              		@ frame_needed = 0, uses_anonymous_args = 0
 258 0000 08B5     		push	{r3, lr}
 259              	.LCFI2:
 260              		.cfi_def_cfa_offset 8
ARM GAS  C:\Users\dragos.nicolae\AppData\Local\Temp\ccgHsned.s 			page 9


 261              		.cfi_offset 3, -8
 262              		.cfi_offset 14, -4
 218:Src/stm32f4xx_it.c ****   /* USER CODE BEGIN I2C1_EV_IRQn 0 */
 219:Src/stm32f4xx_it.c **** 
 220:Src/stm32f4xx_it.c ****   /* USER CODE END I2C1_EV_IRQn 0 */
 221:Src/stm32f4xx_it.c ****   HAL_I2C_EV_IRQHandler(&hi2c1);
 263              		.loc 1 221 0
 264 0002 0248     		ldr	r0, .L21
 265 0004 FFF7FEFF 		bl	HAL_I2C_EV_IRQHandler
 266              	.LVL3:
 222:Src/stm32f4xx_it.c ****   /* USER CODE BEGIN I2C1_EV_IRQn 1 */
 223:Src/stm32f4xx_it.c **** 
 224:Src/stm32f4xx_it.c ****   /* USER CODE END I2C1_EV_IRQn 1 */
 225:Src/stm32f4xx_it.c **** }
 267              		.loc 1 225 0
 268 0008 08BD     		pop	{r3, pc}
 269              	.L22:
 270 000a 00BF     		.align	2
 271              	.L21:
 272 000c 00000000 		.word	hi2c1
 273              		.cfi_endproc
 274              	.LFE136:
 276              		.section	.text.I2C1_ER_IRQHandler,"ax",%progbits
 277              		.align	1
 278              		.global	I2C1_ER_IRQHandler
 279              		.syntax unified
 280              		.thumb
 281              		.thumb_func
 282              		.fpu fpv4-sp-d16
 284              	I2C1_ER_IRQHandler:
 285              	.LFB137:
 226:Src/stm32f4xx_it.c **** 
 227:Src/stm32f4xx_it.c **** /**
 228:Src/stm32f4xx_it.c **** * @brief This function handles I2C1 error interrupt.
 229:Src/stm32f4xx_it.c **** */
 230:Src/stm32f4xx_it.c **** void I2C1_ER_IRQHandler(void)
 231:Src/stm32f4xx_it.c **** {
 286              		.loc 1 231 0
 287              		.cfi_startproc
 288              		@ args = 0, pretend = 0, frame = 0
 289              		@ frame_needed = 0, uses_anonymous_args = 0
 290 0000 08B5     		push	{r3, lr}
 291              	.LCFI3:
 292              		.cfi_def_cfa_offset 8
 293              		.cfi_offset 3, -8
 294              		.cfi_offset 14, -4
 232:Src/stm32f4xx_it.c ****   /* USER CODE BEGIN I2C1_ER_IRQn 0 */
 233:Src/stm32f4xx_it.c **** 
 234:Src/stm32f4xx_it.c ****   /* USER CODE END I2C1_ER_IRQn 0 */
 235:Src/stm32f4xx_it.c ****   HAL_I2C_ER_IRQHandler(&hi2c1);
 295              		.loc 1 235 0
 296 0002 0248     		ldr	r0, .L25
 297 0004 FFF7FEFF 		bl	HAL_I2C_ER_IRQHandler
 298              	.LVL4:
 236:Src/stm32f4xx_it.c ****   /* USER CODE BEGIN I2C1_ER_IRQn 1 */
 237:Src/stm32f4xx_it.c **** 
 238:Src/stm32f4xx_it.c ****   /* USER CODE END I2C1_ER_IRQn 1 */
ARM GAS  C:\Users\dragos.nicolae\AppData\Local\Temp\ccgHsned.s 			page 10


 239:Src/stm32f4xx_it.c **** }
 299              		.loc 1 239 0
 300 0008 08BD     		pop	{r3, pc}
 301              	.L26:
 302 000a 00BF     		.align	2
 303              	.L25:
 304 000c 00000000 		.word	hi2c1
 305              		.cfi_endproc
 306              	.LFE137:
 308              		.section	.text.USART1_IRQHandler,"ax",%progbits
 309              		.align	1
 310              		.global	USART1_IRQHandler
 311              		.syntax unified
 312              		.thumb
 313              		.thumb_func
 314              		.fpu fpv4-sp-d16
 316              	USART1_IRQHandler:
 317              	.LFB138:
 240:Src/stm32f4xx_it.c **** 
 241:Src/stm32f4xx_it.c **** /**
 242:Src/stm32f4xx_it.c **** * @brief This function handles USART1 global interrupt.
 243:Src/stm32f4xx_it.c **** */
 244:Src/stm32f4xx_it.c **** void USART1_IRQHandler(void)
 245:Src/stm32f4xx_it.c **** {
 318              		.loc 1 245 0
 319              		.cfi_startproc
 320              		@ args = 0, pretend = 0, frame = 0
 321              		@ frame_needed = 0, uses_anonymous_args = 0
 322 0000 08B5     		push	{r3, lr}
 323              	.LCFI4:
 324              		.cfi_def_cfa_offset 8
 325              		.cfi_offset 3, -8
 326              		.cfi_offset 14, -4
 246:Src/stm32f4xx_it.c ****   /* USER CODE BEGIN USART1_IRQn 0 */
 247:Src/stm32f4xx_it.c **** 
 248:Src/stm32f4xx_it.c ****   /* USER CODE END USART1_IRQn 0 */
 249:Src/stm32f4xx_it.c ****    HAL_UART_IRQHandler(&huart1);
 327              		.loc 1 249 0
 328 0002 0248     		ldr	r0, .L29
 329 0004 FFF7FEFF 		bl	HAL_UART_IRQHandler
 330              	.LVL5:
 250:Src/stm32f4xx_it.c ****   /* USER CODE BEGIN USART1_IRQn 1 */
 251:Src/stm32f4xx_it.c ****   /* USER CODE END USART1_IRQn 1 */
 252:Src/stm32f4xx_it.c **** 
 253:Src/stm32f4xx_it.c **** }
 331              		.loc 1 253 0
 332 0008 08BD     		pop	{r3, pc}
 333              	.L30:
 334 000a 00BF     		.align	2
 335              	.L29:
 336 000c 00000000 		.word	huart1
 337              		.cfi_endproc
 338              	.LFE138:
 340              		.section	.text.USART2_IRQHandler,"ax",%progbits
 341              		.align	1
 342              		.global	USART2_IRQHandler
 343              		.syntax unified
ARM GAS  C:\Users\dragos.nicolae\AppData\Local\Temp\ccgHsned.s 			page 11


 344              		.thumb
 345              		.thumb_func
 346              		.fpu fpv4-sp-d16
 348              	USART2_IRQHandler:
 349              	.LFB139:
 254:Src/stm32f4xx_it.c **** 
 255:Src/stm32f4xx_it.c **** /**
 256:Src/stm32f4xx_it.c **** * @brief This function handles USART2 global interrupt.
 257:Src/stm32f4xx_it.c **** */
 258:Src/stm32f4xx_it.c **** void USART2_IRQHandler(void)
 259:Src/stm32f4xx_it.c **** {
 350              		.loc 1 259 0
 351              		.cfi_startproc
 352              		@ args = 0, pretend = 0, frame = 0
 353              		@ frame_needed = 0, uses_anonymous_args = 0
 354 0000 08B5     		push	{r3, lr}
 355              	.LCFI5:
 356              		.cfi_def_cfa_offset 8
 357              		.cfi_offset 3, -8
 358              		.cfi_offset 14, -4
 260:Src/stm32f4xx_it.c ****   /* USER CODE BEGIN USART2_IRQn 0 */
 261:Src/stm32f4xx_it.c ****   /* USER CODE END USART2_IRQn 0 */
 262:Src/stm32f4xx_it.c ****   HAL_UART_IRQHandler(&huart2);
 359              		.loc 1 262 0
 360 0002 0248     		ldr	r0, .L33
 361 0004 FFF7FEFF 		bl	HAL_UART_IRQHandler
 362              	.LVL6:
 263:Src/stm32f4xx_it.c ****   /* USER CODE BEGIN USART2_IRQn 1 */
 264:Src/stm32f4xx_it.c ****   /* USER CODE END USART2_IRQn 1 */
 265:Src/stm32f4xx_it.c **** }
 363              		.loc 1 265 0
 364 0008 08BD     		pop	{r3, pc}
 365              	.L34:
 366 000a 00BF     		.align	2
 367              	.L33:
 368 000c 00000000 		.word	huart2
 369              		.cfi_endproc
 370              	.LFE139:
 372              		.comm	huart2,64,4
 373              		.comm	huart1,64,4
 374              		.comm	hi2c1,84,4
 375              		.comm	hadc1,72,4
 376              		.comm	TaskParams_u16,204,4
 377              		.comm	data_request_u8,1,1
 378              		.comm	co2_measurement_counter_u16,2,2
 379              		.comm	calc_adc_val_u32,4,4
 380              		.comm	tx_buffer_u8,8,4
 381              		.comm	rx_buffer_u8,16,4
 382              		.section	.data.TimingDelay_u32,"aw",%progbits
 383              		.align	2
 386              	TimingDelay_u32:
 387 0000 01000000 		.word	1
 388              		.text
 389              	.Letext0:
 390              		.file 2 "c:\\program files (x86)\\gnu tools arm embedded\\7 2018-q2-update\\arm-none-eabi\\include
 391              		.file 3 "c:\\program files (x86)\\gnu tools arm embedded\\7 2018-q2-update\\arm-none-eabi\\include
 392              		.file 4 "Drivers/CMSIS/Include/core_cm4.h"
ARM GAS  C:\Users\dragos.nicolae\AppData\Local\Temp\ccgHsned.s 			page 12


 393              		.file 5 "Drivers/CMSIS/Device/ST/STM32F4xx/Include/system_stm32f4xx.h"
 394              		.file 6 "Drivers/CMSIS/Device/ST/STM32F4xx/Include/stm32f401xe.h"
 395              		.file 7 "c:\\program files (x86)\\gnu tools arm embedded\\7 2018-q2-update\\arm-none-eabi\\include
 396              		.file 8 "c:\\program files (x86)\\gnu tools arm embedded\\7 2018-q2-update\\arm-none-eabi\\include
 397              		.file 9 "c:\\program files (x86)\\gnu tools arm embedded\\7 2018-q2-update\\lib\\gcc\\arm-none-eab
 398              		.file 10 "c:\\program files (x86)\\gnu tools arm embedded\\7 2018-q2-update\\arm-none-eabi\\includ
 399              		.file 11 "Drivers/STM32F4xx_HAL_Driver/Inc/stm32f4xx_hal_def.h"
 400              		.file 12 "Drivers/STM32F4xx_HAL_Driver/Inc/stm32f4xx_hal_dma.h"
 401              		.file 13 "Drivers/STM32F4xx_HAL_Driver/Inc/stm32f4xx_hal_adc.h"
 402              		.file 14 "Drivers/STM32F4xx_HAL_Driver/Inc/stm32f4xx_hal_i2c.h"
 403              		.file 15 "Drivers/STM32F4xx_HAL_Driver/Inc/stm32f4xx_hal_uart.h"
 404              		.file 16 "Inc/generic.h"
 405              		.file 17 "Inc/init.h"
 406              		.file 18 "Drivers/STM32F4xx_HAL_Driver/Inc/stm32f4xx_hal.h"
 407              		.file 19 "Drivers/STM32F4xx_HAL_Driver/Inc/stm32f4xx_hal_cortex.h"
ARM GAS  C:\Users\dragos.nicolae\AppData\Local\Temp\ccgHsned.s 			page 13


DEFINED SYMBOLS
                            *ABS*:00000000 stm32f4xx_it.c
C:\Users\dragos.nicolae\AppData\Local\Temp\ccgHsned.s:18     .text.NMI_Handler:00000000 $t
C:\Users\dragos.nicolae\AppData\Local\Temp\ccgHsned.s:25     .text.NMI_Handler:00000000 NMI_Handler
C:\Users\dragos.nicolae\AppData\Local\Temp\ccgHsned.s:39     .text.HardFault_Handler:00000000 $t
C:\Users\dragos.nicolae\AppData\Local\Temp\ccgHsned.s:46     .text.HardFault_Handler:00000000 HardFault_Handler
C:\Users\dragos.nicolae\AppData\Local\Temp\ccgHsned.s:60     .text.MemManage_Handler:00000000 $t
C:\Users\dragos.nicolae\AppData\Local\Temp\ccgHsned.s:67     .text.MemManage_Handler:00000000 MemManage_Handler
C:\Users\dragos.nicolae\AppData\Local\Temp\ccgHsned.s:81     .text.BusFault_Handler:00000000 $t
C:\Users\dragos.nicolae\AppData\Local\Temp\ccgHsned.s:88     .text.BusFault_Handler:00000000 BusFault_Handler
C:\Users\dragos.nicolae\AppData\Local\Temp\ccgHsned.s:102    .text.UsageFault_Handler:00000000 $t
C:\Users\dragos.nicolae\AppData\Local\Temp\ccgHsned.s:109    .text.UsageFault_Handler:00000000 UsageFault_Handler
C:\Users\dragos.nicolae\AppData\Local\Temp\ccgHsned.s:123    .text.SVC_Handler:00000000 $t
C:\Users\dragos.nicolae\AppData\Local\Temp\ccgHsned.s:130    .text.SVC_Handler:00000000 SVC_Handler
C:\Users\dragos.nicolae\AppData\Local\Temp\ccgHsned.s:143    .text.DebugMon_Handler:00000000 $t
C:\Users\dragos.nicolae\AppData\Local\Temp\ccgHsned.s:150    .text.DebugMon_Handler:00000000 DebugMon_Handler
C:\Users\dragos.nicolae\AppData\Local\Temp\ccgHsned.s:163    .text.PendSV_Handler:00000000 $t
C:\Users\dragos.nicolae\AppData\Local\Temp\ccgHsned.s:170    .text.PendSV_Handler:00000000 PendSV_Handler
C:\Users\dragos.nicolae\AppData\Local\Temp\ccgHsned.s:183    .text.SysTick_Handler:00000000 $t
C:\Users\dragos.nicolae\AppData\Local\Temp\ccgHsned.s:190    .text.SysTick_Handler:00000000 SysTick_Handler
C:\Users\dragos.nicolae\AppData\Local\Temp\ccgHsned.s:213    .text.ADC_IRQHandler:00000000 $t
C:\Users\dragos.nicolae\AppData\Local\Temp\ccgHsned.s:220    .text.ADC_IRQHandler:00000000 ADC_IRQHandler
C:\Users\dragos.nicolae\AppData\Local\Temp\ccgHsned.s:240    .text.ADC_IRQHandler:0000000c $d
                            *COM*:00000048 hadc1
C:\Users\dragos.nicolae\AppData\Local\Temp\ccgHsned.s:245    .text.I2C1_EV_IRQHandler:00000000 $t
C:\Users\dragos.nicolae\AppData\Local\Temp\ccgHsned.s:252    .text.I2C1_EV_IRQHandler:00000000 I2C1_EV_IRQHandler
C:\Users\dragos.nicolae\AppData\Local\Temp\ccgHsned.s:272    .text.I2C1_EV_IRQHandler:0000000c $d
                            *COM*:00000054 hi2c1
C:\Users\dragos.nicolae\AppData\Local\Temp\ccgHsned.s:277    .text.I2C1_ER_IRQHandler:00000000 $t
C:\Users\dragos.nicolae\AppData\Local\Temp\ccgHsned.s:284    .text.I2C1_ER_IRQHandler:00000000 I2C1_ER_IRQHandler
C:\Users\dragos.nicolae\AppData\Local\Temp\ccgHsned.s:304    .text.I2C1_ER_IRQHandler:0000000c $d
C:\Users\dragos.nicolae\AppData\Local\Temp\ccgHsned.s:309    .text.USART1_IRQHandler:00000000 $t
C:\Users\dragos.nicolae\AppData\Local\Temp\ccgHsned.s:316    .text.USART1_IRQHandler:00000000 USART1_IRQHandler
C:\Users\dragos.nicolae\AppData\Local\Temp\ccgHsned.s:336    .text.USART1_IRQHandler:0000000c $d
                            *COM*:00000040 huart1
C:\Users\dragos.nicolae\AppData\Local\Temp\ccgHsned.s:341    .text.USART2_IRQHandler:00000000 $t
C:\Users\dragos.nicolae\AppData\Local\Temp\ccgHsned.s:348    .text.USART2_IRQHandler:00000000 USART2_IRQHandler
C:\Users\dragos.nicolae\AppData\Local\Temp\ccgHsned.s:368    .text.USART2_IRQHandler:0000000c $d
                            *COM*:00000040 huart2
                            *COM*:000000cc TaskParams_u16
                            *COM*:00000001 data_request_u8
                            *COM*:00000002 co2_measurement_counter_u16
                            *COM*:00000004 calc_adc_val_u32
                            *COM*:00000008 tx_buffer_u8
                            *COM*:00000010 rx_buffer_u8
C:\Users\dragos.nicolae\AppData\Local\Temp\ccgHsned.s:383    .data.TimingDelay_u32:00000000 $d
C:\Users\dragos.nicolae\AppData\Local\Temp\ccgHsned.s:386    .data.TimingDelay_u32:00000000 TimingDelay_u32

UNDEFINED SYMBOLS
HAL_IncTick
HAL_SYSTICK_IRQHandler
HAL_ADC_IRQHandler
HAL_I2C_EV_IRQHandler
HAL_I2C_ER_IRQHandler
HAL_UART_IRQHandler
